<html>
<head>
<title>TestNG:  Customer</title>
<link href="../testng.css" rel="stylesheet" type="text/css" />
<link href="../my-testng.css" rel="stylesheet" type="text/css" />

<style type="text/css">
.log { display: none;} 
.stack-trace { display: none;} 
</style>
<script type="text/javascript">
<!--
function flip(e) {
  current = e.style.display;
  if (current == 'block') {
    e.style.display = 'none';
    return 0;
  }
  else {
    e.style.display = 'block';
    return 1;
  }
}

function toggleBox(szDivId, elem, msg1, msg2)
{
  var res = -1;  if (document.getElementById) {
    res = flip(document.getElementById(szDivId));
  }
  else if (document.all) {
    // this is the way old msie versions work
    res = flip(document.all[szDivId]);
  }
  if(elem) {
    if(res == 0) elem.innerHTML = msg1; else elem.innerHTML = msg2;
  }

}

function toggleAllBoxes() {
  if (document.getElementsByTagName) {
    d = document.getElementsByTagName('div');
    for (i = 0; i < d.length; i++) {
      if (d[i].className == 'log') {
        flip(d[i]);
      }
    }
  }
}

// -->
</script>

</head>
<body>
<h2 align='center'>Customer</h2><table border='1' align="center">
<tr>
<td>Tests passed/Failed/Skipped:</td><td>6/1/12</td>
</tr><tr>
<td>Started on:</td><td>Thu Jun 02 14:28:43 EDT 2016</td>
</tr>
<tr><td>Total time:</td><td>97 seconds (97065 ms)</td>
</tr><tr>
<td>Included groups:</td><td></td>
</tr><tr>
<td>Excluded groups:</td><td></td>
</tr>
</table><p/>
<small><i>(Hover the method name to see the test class name)</i></small><p/>
<table width='100%' border='1' class='invocation-failed'>
<tr><td colspan='4' align='center'><b>FAILED TESTS</b></td></tr>
<tr><td><b>Test method</b></td>
<td width="30%"><b>Exception</b></td>
<td width="10%"><b>Time (seconds)</b></td>
<td><b>Instance</b></td>
</tr>
<tr>
<td title='com.bigbasket.customer.SignInTest.signInTest()'><b>signInTest</b><br>Test class: com.bigbasket.customer.SignInTest<br>Parameters: {Case=CASE_OK, Email Address=srinimarva@gmail.com, Alert Message=, Password=Orange@31, Runmode=Y, Iteration=2, Customer Name=SRINIVASAN, Browser=Chrome}</td>
<td><div><pre>java.lang.AssertionError: FAIL - Incorrect credentials
	at com.bigbasket.framework.util.UtilFunctions.writeHTMLResult(UtilFunctions.java:49)
	at com.bigbasket.customer.SignInTest.signInTest(SignInTest.java:93)
	at java.util.concurrent.ThreadPoolExecutor.runWorker(ThreadPoolExecutor.java:1145)
	at java.util.concurrent.ThreadPoolExecutor$Worker.run(ThreadPoolExecutor.java:615)
	at java.lang.Thread.run(Thread.java:745)
... Removed 11 stack frames</pre></div><a href='#' onClick='toggleBox("stack-trace168313980", this, "Click to show all stack frames", "Click to hide stack frames")'>Click to show all stack frames</a>
<div class='stack-trace' id='stack-trace168313980'><pre>java.lang.AssertionError: FAIL - Incorrect credentials
	at org.testng.Assert.fail(Assert.java:94)
	at com.bigbasket.framework.util.UtilFunctions.writeHTMLResult(UtilFunctions.java:49)
	at com.bigbasket.customer.SignInTest.signInTest(SignInTest.java:93)
	at sun.reflect.NativeMethodAccessorImpl.invoke0(Native Method)
	at sun.reflect.NativeMethodAccessorImpl.invoke(NativeMethodAccessorImpl.java:57)
	at sun.reflect.DelegatingMethodAccessorImpl.invoke(DelegatingMethodAccessorImpl.java:43)
	at java.lang.reflect.Method.invoke(Method.java:606)
	at org.testng.internal.MethodInvocationHelper.invokeMethod(MethodInvocationHelper.java:86)
	at org.testng.internal.Invoker.invokeMethod(Invoker.java:643)
	at org.testng.internal.Invoker.invokeTestMethod(Invoker.java:820)
	at org.testng.internal.Invoker.invokeTestMethods(Invoker.java:1128)
	at org.testng.internal.TestMethodWorker.invokeTestMethods(TestMethodWorker.java:129)
	at org.testng.internal.TestMethodWorker.run(TestMethodWorker.java:112)
	at java.util.concurrent.ThreadPoolExecutor.runWorker(ThreadPoolExecutor.java:1145)
	at java.util.concurrent.ThreadPoolExecutor$Worker.run(ThreadPoolExecutor.java:615)
	at java.lang.Thread.run(Thread.java:745)
</pre></div></td>
<td>11</td>
<td>com.bigbasket.customer.SignInTest@36fae040</td></tr>
</table><p>
<table width='100%' border='1' class='invocation-passed'>
<tr><td colspan='4' align='center'><b>PASSED TESTS</b></td></tr>
<tr><td><b>Test method</b></td>
<td width="30%"><b>Exception</b></td>
<td width="10%"><b>Time (seconds)</b></td>
<td><b>Instance</b></td>
</tr>
<tr>
<td title='com.bigbasket.customer.SignInTest.signInTest()'><b>signInTest</b><br>Test class: com.bigbasket.customer.SignInTest<br>Parameters: {Case=CASE_OK, Email Address=srinimarva@gmail.com, Alert Message=, Password=Orange@32, Runmode=Y, Iteration=1, Customer Name=SRINIVASAN, Browser=Chrome}</td>
<td></td>
<td>23</td>
<td>com.bigbasket.customer.SignInTest@36fae040</td></tr>
<tr>
<td title='com.bigbasket.customer.SignInTest.signInTest()'><b>signInTest</b><br>Test class: com.bigbasket.customer.SignInTest<br>Parameters: {Case=CASE_INVALID_EMAIL, Email Address=, Alert Message=Enter a valid e-mail address., Password=Orange@27, Runmode=Y, Iteration=3.0, Customer Name=Srinivasan, Browser=Chrome}</td>
<td></td>
<td>7</td>
<td>com.bigbasket.customer.SignInTest@36fae040</td></tr>
<tr>
<td title='com.bigbasket.customer.SignInTest.signInTest()'><b>signInTest</b><br>Test class: com.bigbasket.customer.SignInTest<br>Parameters: {Case=CASE_INVALID_CREDENTIALS, Email Address=srinimarva@gmail.com, Alert Message=Invalid email or password, Password=Ora, Runmode=Y, Iteration=4.0, Customer Name=Srinivasan, Browser=Chrome}</td>
<td></td>
<td>11</td>
<td>com.bigbasket.customer.SignInTest@36fae040</td></tr>
<tr>
<td title='com.bigbasket.customer.SignInTest.signInTest()'><b>signInTest</b><br>Test class: com.bigbasket.customer.SignInTest<br>Parameters: {Case=CASE_INVALID_PASSWORD, Email Address=srinimarva@gmail.com, Alert Message=Enter a valid password, Password=, Runmode=Y, Iteration=5.0, Customer Name=Srinivasan, Browser=Chrome}</td>
<td></td>
<td>6</td>
<td>com.bigbasket.customer.SignInTest@36fae040</td></tr>
<tr>
<td title='com.bigbasket.customer.SignInTest.signInTest()'><b>signInTest</b><br>Test class: com.bigbasket.customer.SignInTest<br>Parameters: {Case=CASE_FACEBOOK_LOGIN, Email Address=mailtorsrinivasan@gmail.com, Alert Message=, Password=Orange@7, Runmode=Y, Iteration=6.0, Customer Name=Srinivasan, Browser=Chrome}</td>
<td></td>
<td>16</td>
<td>com.bigbasket.customer.SignInTest@36fae040</td></tr>
<tr>
<td title='com.bigbasket.customer.SignInTest.signInTest()'><b>signInTest</b><br>Test class: com.bigbasket.customer.SignInTest<br>Parameters: {Case=CASE_GOOGLE_LOGIN, Email Address=srinimarva@gmail.com, Alert Message=, Password=Orange@27, Runmode=Y, Iteration=7.0, Customer Name=Srinivasan, Browser=Chrome}</td>
<td></td>
<td>19</td>
<td>com.bigbasket.customer.SignInTest@36fae040</td></tr>
</table><p>
<table width='100%' border='1' class='invocation-skipped'>
<tr><td colspan='4' align='center'><b>SKIPPED TESTS</b></td></tr>
<tr><td><b>Test method</b></td>
<td width="30%"><b>Exception</b></td>
<td width="10%"><b>Time (seconds)</b></td>
<td><b>Instance</b></td>
</tr>
<tr>
<td title='com.bigbasket.customer.PersonalDetailsTest.addEmailAddressTest()'><b>addEmailAddressTest</b><br>Test class: com.bigbasket.customer.PersonalDetailsTest<br>Parameters: {Case=CASE_MISSING_EMAIL, Email Address=, Alert Message=Please enter an email address, Runmode=Y, Iteration=1, Browser=Mozilla}</td>
<td><div><pre>org.testng.SkipException: Skipping the test AddEmailAddressTest as the Runmode of Test Case is found to be NO.
	at com.bigbasket.framework.util.Utility.checkRunModes(Utility.java:116)
	at com.bigbasket.customer.PersonalDetailsTest.addEmailAddressTest(PersonalDetailsTest.java:132)
	at java.util.concurrent.ThreadPoolExecutor.runWorker(ThreadPoolExecutor.java:1145)
	at java.util.concurrent.ThreadPoolExecutor$Worker.run(ThreadPoolExecutor.java:615)
	at java.lang.Thread.run(Thread.java:745)
... Removed 10 stack frames</pre></div><a href='#' onClick='toggleBox("stack-trace495730066", this, "Click to show all stack frames", "Click to hide stack frames")'>Click to show all stack frames</a>
<div class='stack-trace' id='stack-trace495730066'><pre>org.testng.SkipException: Skipping the test AddEmailAddressTest as the Runmode of Test Case is found to be NO.
	at com.bigbasket.framework.util.Utility.checkRunModes(Utility.java:116)
	at com.bigbasket.customer.PersonalDetailsTest.addEmailAddressTest(PersonalDetailsTest.java:132)
	at sun.reflect.NativeMethodAccessorImpl.invoke0(Native Method)
	at sun.reflect.NativeMethodAccessorImpl.invoke(NativeMethodAccessorImpl.java:57)
	at sun.reflect.DelegatingMethodAccessorImpl.invoke(DelegatingMethodAccessorImpl.java:43)
	at java.lang.reflect.Method.invoke(Method.java:606)
	at org.testng.internal.MethodInvocationHelper.invokeMethod(MethodInvocationHelper.java:86)
	at org.testng.internal.Invoker.invokeMethod(Invoker.java:643)
	at org.testng.internal.Invoker.invokeTestMethod(Invoker.java:820)
	at org.testng.internal.Invoker.invokeTestMethods(Invoker.java:1128)
	at org.testng.internal.TestMethodWorker.invokeTestMethods(TestMethodWorker.java:129)
	at org.testng.internal.TestMethodWorker.run(TestMethodWorker.java:112)
	at java.util.concurrent.ThreadPoolExecutor.runWorker(ThreadPoolExecutor.java:1145)
	at java.util.concurrent.ThreadPoolExecutor$Worker.run(ThreadPoolExecutor.java:615)
	at java.lang.Thread.run(Thread.java:745)
</pre></div></td>
<td>0</td>
<td>com.bigbasket.customer.PersonalDetailsTest@6c35a940</td></tr>
<tr>
<td title='com.bigbasket.customer.PersonalDetailsTest.addEmailAddressTest()'><b>addEmailAddressTest</b><br>Test class: com.bigbasket.customer.PersonalDetailsTest<br>Parameters: {Case=CASE_INVALID_EMAIL, Email Address=sri, Alert Message=Please enter a valid email address, Runmode=Y, Iteration=2, Browser=Mozilla}</td>
<td><div><pre>org.testng.SkipException: Skipping the test AddEmailAddressTest as the Runmode of Test Case is found to be NO.
	at com.bigbasket.framework.util.Utility.checkRunModes(Utility.java:116)
	at com.bigbasket.customer.PersonalDetailsTest.addEmailAddressTest(PersonalDetailsTest.java:132)
	at java.util.concurrent.ThreadPoolExecutor.runWorker(ThreadPoolExecutor.java:1145)
	at java.util.concurrent.ThreadPoolExecutor$Worker.run(ThreadPoolExecutor.java:615)
	at java.lang.Thread.run(Thread.java:745)
... Removed 10 stack frames</pre></div><a href='#' onClick='toggleBox("stack-trace5674959", this, "Click to show all stack frames", "Click to hide stack frames")'>Click to show all stack frames</a>
<div class='stack-trace' id='stack-trace5674959'><pre>org.testng.SkipException: Skipping the test AddEmailAddressTest as the Runmode of Test Case is found to be NO.
	at com.bigbasket.framework.util.Utility.checkRunModes(Utility.java:116)
	at com.bigbasket.customer.PersonalDetailsTest.addEmailAddressTest(PersonalDetailsTest.java:132)
	at sun.reflect.NativeMethodAccessorImpl.invoke0(Native Method)
	at sun.reflect.NativeMethodAccessorImpl.invoke(NativeMethodAccessorImpl.java:57)
	at sun.reflect.DelegatingMethodAccessorImpl.invoke(DelegatingMethodAccessorImpl.java:43)
	at java.lang.reflect.Method.invoke(Method.java:606)
	at org.testng.internal.MethodInvocationHelper.invokeMethod(MethodInvocationHelper.java:86)
	at org.testng.internal.Invoker.invokeMethod(Invoker.java:643)
	at org.testng.internal.Invoker.invokeTestMethod(Invoker.java:820)
	at org.testng.internal.Invoker.invokeTestMethods(Invoker.java:1128)
	at org.testng.internal.TestMethodWorker.invokeTestMethods(TestMethodWorker.java:129)
	at org.testng.internal.TestMethodWorker.run(TestMethodWorker.java:112)
	at java.util.concurrent.ThreadPoolExecutor.runWorker(ThreadPoolExecutor.java:1145)
	at java.util.concurrent.ThreadPoolExecutor$Worker.run(ThreadPoolExecutor.java:615)
	at java.lang.Thread.run(Thread.java:745)
</pre></div></td>
<td>0</td>
<td>com.bigbasket.customer.PersonalDetailsTest@6c35a940</td></tr>
<tr>
<td title='com.bigbasket.customer.PersonalDetailsTest.addEmailAddressTest()'><b>addEmailAddressTest</b><br>Test class: com.bigbasket.customer.PersonalDetailsTest<br>Parameters: {Case=CASE_EXISTING_EMAIL, Email Address=srinimarva@gmail.com, Alert Message=This email address is already in use by you., Runmode=Y, Iteration=3, Browser=Mozilla}</td>
<td><div><pre>org.testng.SkipException: Skipping the test AddEmailAddressTest as the Runmode of Test Case is found to be NO.
	at com.bigbasket.framework.util.Utility.checkRunModes(Utility.java:116)
	at com.bigbasket.customer.PersonalDetailsTest.addEmailAddressTest(PersonalDetailsTest.java:132)
	at java.util.concurrent.ThreadPoolExecutor.runWorker(ThreadPoolExecutor.java:1145)
	at java.util.concurrent.ThreadPoolExecutor$Worker.run(ThreadPoolExecutor.java:615)
	at java.lang.Thread.run(Thread.java:745)
... Removed 10 stack frames</pre></div><a href='#' onClick='toggleBox("stack-trace626449159", this, "Click to show all stack frames", "Click to hide stack frames")'>Click to show all stack frames</a>
<div class='stack-trace' id='stack-trace626449159'><pre>org.testng.SkipException: Skipping the test AddEmailAddressTest as the Runmode of Test Case is found to be NO.
	at com.bigbasket.framework.util.Utility.checkRunModes(Utility.java:116)
	at com.bigbasket.customer.PersonalDetailsTest.addEmailAddressTest(PersonalDetailsTest.java:132)
	at sun.reflect.NativeMethodAccessorImpl.invoke0(Native Method)
	at sun.reflect.NativeMethodAccessorImpl.invoke(NativeMethodAccessorImpl.java:57)
	at sun.reflect.DelegatingMethodAccessorImpl.invoke(DelegatingMethodAccessorImpl.java:43)
	at java.lang.reflect.Method.invoke(Method.java:606)
	at org.testng.internal.MethodInvocationHelper.invokeMethod(MethodInvocationHelper.java:86)
	at org.testng.internal.Invoker.invokeMethod(Invoker.java:643)
	at org.testng.internal.Invoker.invokeTestMethod(Invoker.java:820)
	at org.testng.internal.Invoker.invokeTestMethods(Invoker.java:1128)
	at org.testng.internal.TestMethodWorker.invokeTestMethods(TestMethodWorker.java:129)
	at org.testng.internal.TestMethodWorker.run(TestMethodWorker.java:112)
	at java.util.concurrent.ThreadPoolExecutor.runWorker(ThreadPoolExecutor.java:1145)
	at java.util.concurrent.ThreadPoolExecutor$Worker.run(ThreadPoolExecutor.java:615)
	at java.lang.Thread.run(Thread.java:745)
</pre></div></td>
<td>0</td>
<td>com.bigbasket.customer.PersonalDetailsTest@6c35a940</td></tr>
<tr>
<td title='com.bigbasket.customer.PersonalDetailsTest.addEmailAddressTest()'><b>addEmailAddressTest</b><br>Test class: com.bigbasket.customer.PersonalDetailsTest<br>Parameters: {Case=CASE_OK, Email Address=aroon.irs@gmail.com, Alert Message=, Runmode=N, Iteration=4, Browser=Mozilla}</td>
<td><div><pre>org.testng.SkipException: Skipping the test AddEmailAddressTest as the Runmode of Test Case is found to be NO.
	at com.bigbasket.framework.util.Utility.checkRunModes(Utility.java:116)
	at com.bigbasket.customer.PersonalDetailsTest.addEmailAddressTest(PersonalDetailsTest.java:132)
	at java.util.concurrent.ThreadPoolExecutor.runWorker(ThreadPoolExecutor.java:1145)
	at java.util.concurrent.ThreadPoolExecutor$Worker.run(ThreadPoolExecutor.java:615)
	at java.lang.Thread.run(Thread.java:745)
... Removed 10 stack frames</pre></div><a href='#' onClick='toggleBox("stack-trace1031870935", this, "Click to show all stack frames", "Click to hide stack frames")'>Click to show all stack frames</a>
<div class='stack-trace' id='stack-trace1031870935'><pre>org.testng.SkipException: Skipping the test AddEmailAddressTest as the Runmode of Test Case is found to be NO.
	at com.bigbasket.framework.util.Utility.checkRunModes(Utility.java:116)
	at com.bigbasket.customer.PersonalDetailsTest.addEmailAddressTest(PersonalDetailsTest.java:132)
	at sun.reflect.NativeMethodAccessorImpl.invoke0(Native Method)
	at sun.reflect.NativeMethodAccessorImpl.invoke(NativeMethodAccessorImpl.java:57)
	at sun.reflect.DelegatingMethodAccessorImpl.invoke(DelegatingMethodAccessorImpl.java:43)
	at java.lang.reflect.Method.invoke(Method.java:606)
	at org.testng.internal.MethodInvocationHelper.invokeMethod(MethodInvocationHelper.java:86)
	at org.testng.internal.Invoker.invokeMethod(Invoker.java:643)
	at org.testng.internal.Invoker.invokeTestMethod(Invoker.java:820)
	at org.testng.internal.Invoker.invokeTestMethods(Invoker.java:1128)
	at org.testng.internal.TestMethodWorker.invokeTestMethods(TestMethodWorker.java:129)
	at org.testng.internal.TestMethodWorker.run(TestMethodWorker.java:112)
	at java.util.concurrent.ThreadPoolExecutor.runWorker(ThreadPoolExecutor.java:1145)
	at java.util.concurrent.ThreadPoolExecutor$Worker.run(ThreadPoolExecutor.java:615)
	at java.lang.Thread.run(Thread.java:745)
</pre></div></td>
<td>0</td>
<td>com.bigbasket.customer.PersonalDetailsTest@6c35a940</td></tr>
<tr>
<td title='com.bigbasket.customer.PersonalDetailsTest.addEmailAddressTest()'><b>addEmailAddressTest</b><br>Test class: com.bigbasket.customer.PersonalDetailsTest<br>Parameters: {Case=CASE_OK, Email Address=lokesh.kittu@gmail.com, Alert Message=, Runmode=N, Iteration=5, Browser=Mozilla}</td>
<td><div><pre>org.testng.SkipException: Skipping the test AddEmailAddressTest as the Runmode of Test Case is found to be NO.
	at com.bigbasket.framework.util.Utility.checkRunModes(Utility.java:116)
	at com.bigbasket.customer.PersonalDetailsTest.addEmailAddressTest(PersonalDetailsTest.java:132)
	at java.util.concurrent.ThreadPoolExecutor.runWorker(ThreadPoolExecutor.java:1145)
	at java.util.concurrent.ThreadPoolExecutor$Worker.run(ThreadPoolExecutor.java:615)
	at java.lang.Thread.run(Thread.java:745)
... Removed 10 stack frames</pre></div><a href='#' onClick='toggleBox("stack-trace909561930", this, "Click to show all stack frames", "Click to hide stack frames")'>Click to show all stack frames</a>
<div class='stack-trace' id='stack-trace909561930'><pre>org.testng.SkipException: Skipping the test AddEmailAddressTest as the Runmode of Test Case is found to be NO.
	at com.bigbasket.framework.util.Utility.checkRunModes(Utility.java:116)
	at com.bigbasket.customer.PersonalDetailsTest.addEmailAddressTest(PersonalDetailsTest.java:132)
	at sun.reflect.NativeMethodAccessorImpl.invoke0(Native Method)
	at sun.reflect.NativeMethodAccessorImpl.invoke(NativeMethodAccessorImpl.java:57)
	at sun.reflect.DelegatingMethodAccessorImpl.invoke(DelegatingMethodAccessorImpl.java:43)
	at java.lang.reflect.Method.invoke(Method.java:606)
	at org.testng.internal.MethodInvocationHelper.invokeMethod(MethodInvocationHelper.java:86)
	at org.testng.internal.Invoker.invokeMethod(Invoker.java:643)
	at org.testng.internal.Invoker.invokeTestMethod(Invoker.java:820)
	at org.testng.internal.Invoker.invokeTestMethods(Invoker.java:1128)
	at org.testng.internal.TestMethodWorker.invokeTestMethods(TestMethodWorker.java:129)
	at org.testng.internal.TestMethodWorker.run(TestMethodWorker.java:112)
	at java.util.concurrent.ThreadPoolExecutor.runWorker(ThreadPoolExecutor.java:1145)
	at java.util.concurrent.ThreadPoolExecutor$Worker.run(ThreadPoolExecutor.java:615)
	at java.lang.Thread.run(Thread.java:745)
</pre></div></td>
<td>0</td>
<td>com.bigbasket.customer.PersonalDetailsTest@6c35a940</td></tr>
<tr>
<td title='com.bigbasket.customer.PersonalDetailsTest.changePasswordTest()'><b>changePasswordTest</b><br>Test class: com.bigbasket.customer.PersonalDetailsTest<br>Parameters: {Old Password=, Case=CASE_FIELD_REQUIRED, Alert Message=This field is required., Runmode=Y, Iteration=1, Confirm Password=, New Password=, Browser=Mozilla}</td>
<td><div><pre>org.testng.SkipException: Skipping the test ChangePasswordTest as the Runmode of Test Case is found to be NO.
	at com.bigbasket.framework.util.Utility.checkRunModes(Utility.java:116)
	at com.bigbasket.customer.PersonalDetailsTest.changePasswordTest(PersonalDetailsTest.java:49)
	at java.util.concurrent.ThreadPoolExecutor.runWorker(ThreadPoolExecutor.java:1145)
	at java.util.concurrent.ThreadPoolExecutor$Worker.run(ThreadPoolExecutor.java:615)
	at java.lang.Thread.run(Thread.java:745)
... Removed 10 stack frames</pre></div><a href='#' onClick='toggleBox("stack-trace1769260320", this, "Click to show all stack frames", "Click to hide stack frames")'>Click to show all stack frames</a>
<div class='stack-trace' id='stack-trace1769260320'><pre>org.testng.SkipException: Skipping the test ChangePasswordTest as the Runmode of Test Case is found to be NO.
	at com.bigbasket.framework.util.Utility.checkRunModes(Utility.java:116)
	at com.bigbasket.customer.PersonalDetailsTest.changePasswordTest(PersonalDetailsTest.java:49)
	at sun.reflect.NativeMethodAccessorImpl.invoke0(Native Method)
	at sun.reflect.NativeMethodAccessorImpl.invoke(NativeMethodAccessorImpl.java:57)
	at sun.reflect.DelegatingMethodAccessorImpl.invoke(DelegatingMethodAccessorImpl.java:43)
	at java.lang.reflect.Method.invoke(Method.java:606)
	at org.testng.internal.MethodInvocationHelper.invokeMethod(MethodInvocationHelper.java:86)
	at org.testng.internal.Invoker.invokeMethod(Invoker.java:643)
	at org.testng.internal.Invoker.invokeTestMethod(Invoker.java:820)
	at org.testng.internal.Invoker.invokeTestMethods(Invoker.java:1128)
	at org.testng.internal.TestMethodWorker.invokeTestMethods(TestMethodWorker.java:129)
	at org.testng.internal.TestMethodWorker.run(TestMethodWorker.java:112)
	at java.util.concurrent.ThreadPoolExecutor.runWorker(ThreadPoolExecutor.java:1145)
	at java.util.concurrent.ThreadPoolExecutor$Worker.run(ThreadPoolExecutor.java:615)
	at java.lang.Thread.run(Thread.java:745)
</pre></div></td>
<td>0</td>
<td>com.bigbasket.customer.PersonalDetailsTest@6c35a940</td></tr>
<tr>
<td title='com.bigbasket.customer.PersonalDetailsTest.changePasswordTest()'><b>changePasswordTest</b><br>Test class: com.bigbasket.customer.PersonalDetailsTest<br>Parameters: {Old Password=, Case=CASE_FIELD_REQUIRED, Alert Message=This field is requied., Runmode=y, Iteration=2, Confirm Password=, New Password=, Browser=Mozilla}</td>
<td><div><pre>org.testng.SkipException: Skipping the test ChangePasswordTest as the Runmode of Test Case is found to be NO.
	at com.bigbasket.framework.util.Utility.checkRunModes(Utility.java:116)
	at com.bigbasket.customer.PersonalDetailsTest.changePasswordTest(PersonalDetailsTest.java:49)
	at java.util.concurrent.ThreadPoolExecutor.runWorker(ThreadPoolExecutor.java:1145)
	at java.util.concurrent.ThreadPoolExecutor$Worker.run(ThreadPoolExecutor.java:615)
	at java.lang.Thread.run(Thread.java:745)
... Removed 10 stack frames</pre></div><a href='#' onClick='toggleBox("stack-trace1223930082", this, "Click to show all stack frames", "Click to hide stack frames")'>Click to show all stack frames</a>
<div class='stack-trace' id='stack-trace1223930082'><pre>org.testng.SkipException: Skipping the test ChangePasswordTest as the Runmode of Test Case is found to be NO.
	at com.bigbasket.framework.util.Utility.checkRunModes(Utility.java:116)
	at com.bigbasket.customer.PersonalDetailsTest.changePasswordTest(PersonalDetailsTest.java:49)
	at sun.reflect.NativeMethodAccessorImpl.invoke0(Native Method)
	at sun.reflect.NativeMethodAccessorImpl.invoke(NativeMethodAccessorImpl.java:57)
	at sun.reflect.DelegatingMethodAccessorImpl.invoke(DelegatingMethodAccessorImpl.java:43)
	at java.lang.reflect.Method.invoke(Method.java:606)
	at org.testng.internal.MethodInvocationHelper.invokeMethod(MethodInvocationHelper.java:86)
	at org.testng.internal.Invoker.invokeMethod(Invoker.java:643)
	at org.testng.internal.Invoker.invokeTestMethod(Invoker.java:820)
	at org.testng.internal.Invoker.invokeTestMethods(Invoker.java:1128)
	at org.testng.internal.TestMethodWorker.invokeTestMethods(TestMethodWorker.java:129)
	at org.testng.internal.TestMethodWorker.run(TestMethodWorker.java:112)
	at java.util.concurrent.ThreadPoolExecutor.runWorker(ThreadPoolExecutor.java:1145)
	at java.util.concurrent.ThreadPoolExecutor$Worker.run(ThreadPoolExecutor.java:615)
	at java.lang.Thread.run(Thread.java:745)
</pre></div></td>
<td>0</td>
<td>com.bigbasket.customer.PersonalDetailsTest@6c35a940</td></tr>
<tr>
<td title='com.bigbasket.customer.PersonalDetailsTest.changePasswordTest()'><b>changePasswordTest</b><br>Test class: com.bigbasket.customer.PersonalDetailsTest<br>Parameters: {Old Password=Orange@32, Case=CASE_PASSWORD_REQUIREMENT, Alert Message=Please enter at least 8 characters, Runmode=Y, Iteration=3, Confirm Password=Orange@32, New Password=Ora, Browser=Mozilla}</td>
<td><div><pre>org.testng.SkipException: Skipping the test ChangePasswordTest as the Runmode of Test Case is found to be NO.
	at com.bigbasket.framework.util.Utility.checkRunModes(Utility.java:116)
	at com.bigbasket.customer.PersonalDetailsTest.changePasswordTest(PersonalDetailsTest.java:49)
	at java.util.concurrent.ThreadPoolExecutor.runWorker(ThreadPoolExecutor.java:1145)
	at java.util.concurrent.ThreadPoolExecutor$Worker.run(ThreadPoolExecutor.java:615)
	at java.lang.Thread.run(Thread.java:745)
... Removed 10 stack frames</pre></div><a href='#' onClick='toggleBox("stack-trace713104939", this, "Click to show all stack frames", "Click to hide stack frames")'>Click to show all stack frames</a>
<div class='stack-trace' id='stack-trace713104939'><pre>org.testng.SkipException: Skipping the test ChangePasswordTest as the Runmode of Test Case is found to be NO.
	at com.bigbasket.framework.util.Utility.checkRunModes(Utility.java:116)
	at com.bigbasket.customer.PersonalDetailsTest.changePasswordTest(PersonalDetailsTest.java:49)
	at sun.reflect.NativeMethodAccessorImpl.invoke0(Native Method)
	at sun.reflect.NativeMethodAccessorImpl.invoke(NativeMethodAccessorImpl.java:57)
	at sun.reflect.DelegatingMethodAccessorImpl.invoke(DelegatingMethodAccessorImpl.java:43)
	at java.lang.reflect.Method.invoke(Method.java:606)
	at org.testng.internal.MethodInvocationHelper.invokeMethod(MethodInvocationHelper.java:86)
	at org.testng.internal.Invoker.invokeMethod(Invoker.java:643)
	at org.testng.internal.Invoker.invokeTestMethod(Invoker.java:820)
	at org.testng.internal.Invoker.invokeTestMethods(Invoker.java:1128)
	at org.testng.internal.TestMethodWorker.invokeTestMethods(TestMethodWorker.java:129)
	at org.testng.internal.TestMethodWorker.run(TestMethodWorker.java:112)
	at java.util.concurrent.ThreadPoolExecutor.runWorker(ThreadPoolExecutor.java:1145)
	at java.util.concurrent.ThreadPoolExecutor$Worker.run(ThreadPoolExecutor.java:615)
	at java.lang.Thread.run(Thread.java:745)
</pre></div></td>
<td>0</td>
<td>com.bigbasket.customer.PersonalDetailsTest@6c35a940</td></tr>
<tr>
<td title='com.bigbasket.customer.PersonalDetailsTest.changePasswordTest()'><b>changePasswordTest</b><br>Test class: com.bigbasket.customer.PersonalDetailsTest<br>Parameters: {Old Password=Orange@32, Case=CASE_PASSWORD_REQUIREMENT, Alert Message=Please enter at least 9 characters, Runmode=Y, Iteration=4, Confirm Password=Orange@32, New Password=Ora, Browser=Mozilla}</td>
<td><div><pre>org.testng.SkipException: Skipping the test ChangePasswordTest as the Runmode of Test Case is found to be NO.
	at com.bigbasket.framework.util.Utility.checkRunModes(Utility.java:116)
	at com.bigbasket.customer.PersonalDetailsTest.changePasswordTest(PersonalDetailsTest.java:49)
	at java.util.concurrent.ThreadPoolExecutor.runWorker(ThreadPoolExecutor.java:1145)
	at java.util.concurrent.ThreadPoolExecutor$Worker.run(ThreadPoolExecutor.java:615)
	at java.lang.Thread.run(Thread.java:745)
... Removed 10 stack frames</pre></div><a href='#' onClick='toggleBox("stack-trace80582910", this, "Click to show all stack frames", "Click to hide stack frames")'>Click to show all stack frames</a>
<div class='stack-trace' id='stack-trace80582910'><pre>org.testng.SkipException: Skipping the test ChangePasswordTest as the Runmode of Test Case is found to be NO.
	at com.bigbasket.framework.util.Utility.checkRunModes(Utility.java:116)
	at com.bigbasket.customer.PersonalDetailsTest.changePasswordTest(PersonalDetailsTest.java:49)
	at sun.reflect.NativeMethodAccessorImpl.invoke0(Native Method)
	at sun.reflect.NativeMethodAccessorImpl.invoke(NativeMethodAccessorImpl.java:57)
	at sun.reflect.DelegatingMethodAccessorImpl.invoke(DelegatingMethodAccessorImpl.java:43)
	at java.lang.reflect.Method.invoke(Method.java:606)
	at org.testng.internal.MethodInvocationHelper.invokeMethod(MethodInvocationHelper.java:86)
	at org.testng.internal.Invoker.invokeMethod(Invoker.java:643)
	at org.testng.internal.Invoker.invokeTestMethod(Invoker.java:820)
	at org.testng.internal.Invoker.invokeTestMethods(Invoker.java:1128)
	at org.testng.internal.TestMethodWorker.invokeTestMethods(TestMethodWorker.java:129)
	at org.testng.internal.TestMethodWorker.run(TestMethodWorker.java:112)
	at java.util.concurrent.ThreadPoolExecutor.runWorker(ThreadPoolExecutor.java:1145)
	at java.util.concurrent.ThreadPoolExecutor$Worker.run(ThreadPoolExecutor.java:615)
	at java.lang.Thread.run(Thread.java:745)
</pre></div></td>
<td>0</td>
<td>com.bigbasket.customer.PersonalDetailsTest@6c35a940</td></tr>
<tr>
<td title='com.bigbasket.customer.PersonalDetailsTest.changePasswordTest()'><b>changePasswordTest</b><br>Test class: com.bigbasket.customer.PersonalDetailsTest<br>Parameters: {Old Password=Orange@32, Case=CASE_PASSWORD_MISMATCH, Alert Message=Password mismtch, Runmode=Y, Iteration=5, Confirm Password=Orange@33, New Password=Orange@32, Browser=Mozilla}</td>
<td><div><pre>org.testng.SkipException: Skipping the test ChangePasswordTest as the Runmode of Test Case is found to be NO.
	at com.bigbasket.framework.util.Utility.checkRunModes(Utility.java:116)
	at com.bigbasket.customer.PersonalDetailsTest.changePasswordTest(PersonalDetailsTest.java:49)
	at java.util.concurrent.ThreadPoolExecutor.runWorker(ThreadPoolExecutor.java:1145)
	at java.util.concurrent.ThreadPoolExecutor$Worker.run(ThreadPoolExecutor.java:615)
	at java.lang.Thread.run(Thread.java:745)
... Removed 10 stack frames</pre></div><a href='#' onClick='toggleBox("stack-trace1685138346", this, "Click to show all stack frames", "Click to hide stack frames")'>Click to show all stack frames</a>
<div class='stack-trace' id='stack-trace1685138346'><pre>org.testng.SkipException: Skipping the test ChangePasswordTest as the Runmode of Test Case is found to be NO.
	at com.bigbasket.framework.util.Utility.checkRunModes(Utility.java:116)
	at com.bigbasket.customer.PersonalDetailsTest.changePasswordTest(PersonalDetailsTest.java:49)
	at sun.reflect.NativeMethodAccessorImpl.invoke0(Native Method)
	at sun.reflect.NativeMethodAccessorImpl.invoke(NativeMethodAccessorImpl.java:57)
	at sun.reflect.DelegatingMethodAccessorImpl.invoke(DelegatingMethodAccessorImpl.java:43)
	at java.lang.reflect.Method.invoke(Method.java:606)
	at org.testng.internal.MethodInvocationHelper.invokeMethod(MethodInvocationHelper.java:86)
	at org.testng.internal.Invoker.invokeMethod(Invoker.java:643)
	at org.testng.internal.Invoker.invokeTestMethod(Invoker.java:820)
	at org.testng.internal.Invoker.invokeTestMethods(Invoker.java:1128)
	at org.testng.internal.TestMethodWorker.invokeTestMethods(TestMethodWorker.java:129)
	at org.testng.internal.TestMethodWorker.run(TestMethodWorker.java:112)
	at java.util.concurrent.ThreadPoolExecutor.runWorker(ThreadPoolExecutor.java:1145)
	at java.util.concurrent.ThreadPoolExecutor$Worker.run(ThreadPoolExecutor.java:615)
	at java.lang.Thread.run(Thread.java:745)
</pre></div></td>
<td>0</td>
<td>com.bigbasket.customer.PersonalDetailsTest@6c35a940</td></tr>
<tr>
<td title='com.bigbasket.customer.PersonalDetailsTest.changePasswordTest()'><b>changePasswordTest</b><br>Test class: com.bigbasket.customer.PersonalDetailsTest<br>Parameters: {Old Password=Orange@32, Case=CASE_PASSWORD_MISMATCH, Alert Message=Password mismatch, Runmode=Y, Iteration=6, Confirm Password=Orange@33, New Password=Orange@32, Browser=Mozilla}</td>
<td><div><pre>org.testng.SkipException: Skipping the test ChangePasswordTest as the Runmode of Test Case is found to be NO.
	at com.bigbasket.framework.util.Utility.checkRunModes(Utility.java:116)
	at com.bigbasket.customer.PersonalDetailsTest.changePasswordTest(PersonalDetailsTest.java:49)
	at java.util.concurrent.ThreadPoolExecutor.runWorker(ThreadPoolExecutor.java:1145)
	at java.util.concurrent.ThreadPoolExecutor$Worker.run(ThreadPoolExecutor.java:615)
	at java.lang.Thread.run(Thread.java:745)
... Removed 10 stack frames</pre></div><a href='#' onClick='toggleBox("stack-trace790617664", this, "Click to show all stack frames", "Click to hide stack frames")'>Click to show all stack frames</a>
<div class='stack-trace' id='stack-trace790617664'><pre>org.testng.SkipException: Skipping the test ChangePasswordTest as the Runmode of Test Case is found to be NO.
	at com.bigbasket.framework.util.Utility.checkRunModes(Utility.java:116)
	at com.bigbasket.customer.PersonalDetailsTest.changePasswordTest(PersonalDetailsTest.java:49)
	at sun.reflect.NativeMethodAccessorImpl.invoke0(Native Method)
	at sun.reflect.NativeMethodAccessorImpl.invoke(NativeMethodAccessorImpl.java:57)
	at sun.reflect.DelegatingMethodAccessorImpl.invoke(DelegatingMethodAccessorImpl.java:43)
	at java.lang.reflect.Method.invoke(Method.java:606)
	at org.testng.internal.MethodInvocationHelper.invokeMethod(MethodInvocationHelper.java:86)
	at org.testng.internal.Invoker.invokeMethod(Invoker.java:643)
	at org.testng.internal.Invoker.invokeTestMethod(Invoker.java:820)
	at org.testng.internal.Invoker.invokeTestMethods(Invoker.java:1128)
	at org.testng.internal.TestMethodWorker.invokeTestMethods(TestMethodWorker.java:129)
	at org.testng.internal.TestMethodWorker.run(TestMethodWorker.java:112)
	at java.util.concurrent.ThreadPoolExecutor.runWorker(ThreadPoolExecutor.java:1145)
	at java.util.concurrent.ThreadPoolExecutor$Worker.run(ThreadPoolExecutor.java:615)
	at java.lang.Thread.run(Thread.java:745)
</pre></div></td>
<td>0</td>
<td>com.bigbasket.customer.PersonalDetailsTest@6c35a940</td></tr>
<tr>
<td title='com.bigbasket.customer.PersonalDetailsTest.changePasswordTest()'><b>changePasswordTest</b><br>Test class: com.bigbasket.customer.PersonalDetailsTest<br>Parameters: {Old Password=Orange@32, Case=CASE_OK, Alert Message=Successfully updated the password., Runmode=Y, Iteration=7, Confirm Password=Orange@32, New Password=Orange@32, Browser=Mozilla}</td>
<td><div><pre>org.testng.SkipException: Skipping the test ChangePasswordTest as the Runmode of Test Case is found to be NO.
	at com.bigbasket.framework.util.Utility.checkRunModes(Utility.java:116)
	at com.bigbasket.customer.PersonalDetailsTest.changePasswordTest(PersonalDetailsTest.java:49)
	at java.util.concurrent.ThreadPoolExecutor.runWorker(ThreadPoolExecutor.java:1145)
	at java.util.concurrent.ThreadPoolExecutor$Worker.run(ThreadPoolExecutor.java:615)
	at java.lang.Thread.run(Thread.java:745)
... Removed 10 stack frames</pre></div><a href='#' onClick='toggleBox("stack-trace1461700470", this, "Click to show all stack frames", "Click to hide stack frames")'>Click to show all stack frames</a>
<div class='stack-trace' id='stack-trace1461700470'><pre>org.testng.SkipException: Skipping the test ChangePasswordTest as the Runmode of Test Case is found to be NO.
	at com.bigbasket.framework.util.Utility.checkRunModes(Utility.java:116)
	at com.bigbasket.customer.PersonalDetailsTest.changePasswordTest(PersonalDetailsTest.java:49)
	at sun.reflect.NativeMethodAccessorImpl.invoke0(Native Method)
	at sun.reflect.NativeMethodAccessorImpl.invoke(NativeMethodAccessorImpl.java:57)
	at sun.reflect.DelegatingMethodAccessorImpl.invoke(DelegatingMethodAccessorImpl.java:43)
	at java.lang.reflect.Method.invoke(Method.java:606)
	at org.testng.internal.MethodInvocationHelper.invokeMethod(MethodInvocationHelper.java:86)
	at org.testng.internal.Invoker.invokeMethod(Invoker.java:643)
	at org.testng.internal.Invoker.invokeTestMethod(Invoker.java:820)
	at org.testng.internal.Invoker.invokeTestMethods(Invoker.java:1128)
	at org.testng.internal.TestMethodWorker.invokeTestMethods(TestMethodWorker.java:129)
	at org.testng.internal.TestMethodWorker.run(TestMethodWorker.java:112)
	at java.util.concurrent.ThreadPoolExecutor.runWorker(ThreadPoolExecutor.java:1145)
	at java.util.concurrent.ThreadPoolExecutor$Worker.run(ThreadPoolExecutor.java:615)
	at java.lang.Thread.run(Thread.java:745)
</pre></div></td>
<td>0</td>
<td>com.bigbasket.customer.PersonalDetailsTest@6c35a940</td></tr>
</table><p>
</body>
</html>