<?xml version="1.0" encoding="UTF-8"?>
<!-- Generated by org.testng.reporters.JUnitReportReporter -->
<testsuite hostname="Srinivasans-MacBook-Pro.local" name="com.bigbakset.customer.myaccount.AddEmailAddressTest" tests="4" failures="1" timestamp="18 Jun 2016 10:41:21 GMT" time="138.273" errors="3">
  <testcase name="addEmailAddressTest" time="137.890" classname="com.bigbakset.customer.myaccount.AddEmailAddressTest">
    <failure type="java.lang.AssertionError" message="FAIL">
      <![CDATA[java.lang.AssertionError: FAIL
	at org.testng.Assert.fail(Assert.java:94)
	at com.bigbasket.framework.util.UtilFunctions.writeHTMLResult(UtilFunctions.java:49)
	at com.bigbakset.customer.myaccount.AddEmailAddressTest.addEmailAddressTest(AddEmailAddressTest.java:112)
	at sun.reflect.NativeMethodAccessorImpl.invoke0(Native Method)
	at sun.reflect.NativeMethodAccessorImpl.invoke(NativeMethodAccessorImpl.java:57)
	at sun.reflect.DelegatingMethodAccessorImpl.invoke(DelegatingMethodAccessorImpl.java:43)
	at java.lang.reflect.Method.invoke(Method.java:606)
	at org.testng.internal.MethodInvocationHelper.invokeMethod(MethodInvocationHelper.java:86)
	at org.testng.internal.Invoker.invokeMethod(Invoker.java:643)
	at org.testng.internal.Invoker.invokeTestMethod(Invoker.java:820)
	at org.testng.internal.Invoker.invokeTestMethods(Invoker.java:1128)
	at org.testng.internal.TestMethodWorker.invokeTestMethods(TestMethodWorker.java:129)
	at org.testng.internal.TestMethodWorker.run(TestMethodWorker.java:112)
	at java.util.concurrent.ThreadPoolExecutor.runWorker(ThreadPoolExecutor.java:1145)
	at java.util.concurrent.ThreadPoolExecutor$Worker.run(ThreadPoolExecutor.java:615)
	at java.lang.Thread.run(Thread.java:745)
]]>
    </failure>
  </testcase> <!-- addEmailAddressTest -->
  <testcase name="addEmailAddressTest" time="0.170" classname="com.bigbakset.customer.myaccount.AddEmailAddressTest">
    <error type="org.testng.SkipException" message="Skipping the test AddEmailAddressTest as the Runmode of Test Data Set is found to be NO.">
      <![CDATA[org.testng.SkipException: Skipping the test AddEmailAddressTest as the Runmode of Test Data Set is found to be NO.
	at com.bigbasket.framework.util.Utility.checkRunModes(Utility.java:129)
	at com.bigbasket.framework.util.UtilFunctions.startTest(UtilFunctions.java:170)
	at com.bigbakset.customer.myaccount.AddEmailAddressTest.addEmailAddressTest(AddEmailAddressTest.java:44)
	at sun.reflect.NativeMethodAccessorImpl.invoke0(Native Method)
	at sun.reflect.NativeMethodAccessorImpl.invoke(NativeMethodAccessorImpl.java:57)
	at sun.reflect.DelegatingMethodAccessorImpl.invoke(DelegatingMethodAccessorImpl.java:43)
	at java.lang.reflect.Method.invoke(Method.java:606)
	at org.testng.internal.MethodInvocationHelper.invokeMethod(MethodInvocationHelper.java:86)
	at org.testng.internal.Invoker.invokeMethod(Invoker.java:643)
	at org.testng.internal.Invoker.invokeTestMethod(Invoker.java:820)
	at org.testng.internal.Invoker.invokeTestMethods(Invoker.java:1128)
	at org.testng.internal.TestMethodWorker.invokeTestMethods(TestMethodWorker.java:129)
	at org.testng.internal.TestMethodWorker.run(TestMethodWorker.java:112)
	at java.util.concurrent.ThreadPoolExecutor.runWorker(ThreadPoolExecutor.java:1145)
	at java.util.concurrent.ThreadPoolExecutor$Worker.run(ThreadPoolExecutor.java:615)
	at java.lang.Thread.run(Thread.java:745)
]]>
    </error>
  </testcase> <!-- addEmailAddressTest -->
  <testcase name="addEmailAddressTest" time="0.173" classname="com.bigbakset.customer.myaccount.AddEmailAddressTest">
    <error type="org.testng.SkipException" message="Skipping the test AddEmailAddressTest as the Runmode of Test Data Set is found to be NO.">
      <![CDATA[org.testng.SkipException: Skipping the test AddEmailAddressTest as the Runmode of Test Data Set is found to be NO.
	at com.bigbasket.framework.util.Utility.checkRunModes(Utility.java:129)
	at com.bigbasket.framework.util.UtilFunctions.startTest(UtilFunctions.java:170)
	at com.bigbakset.customer.myaccount.AddEmailAddressTest.addEmailAddressTest(AddEmailAddressTest.java:44)
	at sun.reflect.NativeMethodAccessorImpl.invoke0(Native Method)
	at sun.reflect.NativeMethodAccessorImpl.invoke(NativeMethodAccessorImpl.java:57)
	at sun.reflect.DelegatingMethodAccessorImpl.invoke(DelegatingMethodAccessorImpl.java:43)
	at java.lang.reflect.Method.invoke(Method.java:606)
	at org.testng.internal.MethodInvocationHelper.invokeMethod(MethodInvocationHelper.java:86)
	at org.testng.internal.Invoker.invokeMethod(Invoker.java:643)
	at org.testng.internal.Invoker.invokeTestMethod(Invoker.java:820)
	at org.testng.internal.Invoker.invokeTestMethods(Invoker.java:1128)
	at org.testng.internal.TestMethodWorker.invokeTestMethods(TestMethodWorker.java:129)
	at org.testng.internal.TestMethodWorker.run(TestMethodWorker.java:112)
	at java.util.concurrent.ThreadPoolExecutor.runWorker(ThreadPoolExecutor.java:1145)
	at java.util.concurrent.ThreadPoolExecutor$Worker.run(ThreadPoolExecutor.java:615)
	at java.lang.Thread.run(Thread.java:745)
]]>
    </error>
  </testcase> <!-- addEmailAddressTest -->
  <testcase name="addEmailAddressTest" time="0.040" classname="com.bigbakset.customer.myaccount.AddEmailAddressTest">
    <error type="java.lang.NullPointerException">
      <![CDATA[java.lang.NullPointerException
	at com.bigbakset.customer.myaccount.AddEmailAddressTest.addEmailAddressTest(AddEmailAddressTest.java:44)
	at sun.reflect.NativeMethodAccessorImpl.invoke0(Native Method)
	at sun.reflect.NativeMethodAccessorImpl.invoke(NativeMethodAccessorImpl.java:57)
	at sun.reflect.DelegatingMethodAccessorImpl.invoke(DelegatingMethodAccessorImpl.java:43)
	at java.lang.reflect.Method.invoke(Method.java:606)
	at org.testng.internal.MethodInvocationHelper.invokeMethod(MethodInvocationHelper.java:86)
	at org.testng.internal.Invoker.invokeMethod(Invoker.java:643)
	at org.testng.internal.Invoker.invokeTestMethod(Invoker.java:820)
	at org.testng.internal.Invoker.invokeTestMethods(Invoker.java:1128)
	at org.testng.internal.TestMethodWorker.invokeTestMethods(TestMethodWorker.java:129)
	at org.testng.internal.TestMethodWorker.run(TestMethodWorker.java:112)
	at java.util.concurrent.ThreadPoolExecutor.runWorker(ThreadPoolExecutor.java:1145)
	at java.util.concurrent.ThreadPoolExecutor$Worker.run(ThreadPoolExecutor.java:615)
	at java.lang.Thread.run(Thread.java:745)
]]>
    </error>
  </testcase> <!-- addEmailAddressTest -->
</testsuite> <!-- com.bigbakset.customer.myaccount.AddEmailAddressTest -->
