<?xml version="1.0" encoding="UTF-8"?>
<!-- Generated by org.testng.reporters.JUnitReportReporter -->
<testsuite hostname="Srinivasans-MacBook-Pro.local" name="com.bigbakset.customer.myaccount.EmailAddressesTest" tests="6" failures="1" timestamp="29 Jun 2016 11:10:29 GMT" time="357.746" errors="0">
  <testcase name="addEmailAddressTest" time="19.692" classname="com.bigbakset.customer.myaccount.EmailAddressesTest"/>
  <testcase name="removeEmailAddressTest" time="27.328" classname="com.bigbakset.customer.myaccount.EmailAddressesTest"/>
  <testcase name="addEmailAddressTest" time="20.594" classname="com.bigbakset.customer.myaccount.EmailAddressesTest">
    <failure type="java.lang.AssertionError" message="FAIL">
      <![CDATA[java.lang.AssertionError: FAIL
	at org.testng.Assert.fail(Assert.java:94)
	at com.bigbasket.framework.util.UtilFunctions.writeHTMLResult(UtilFunctions.java:49)
	at com.bigbakset.customer.myaccount.EmailAddressesTest.addEmailAddressTest(EmailAddressesTest.java:111)
	at sun.reflect.NativeMethodAccessorImpl.invoke0(Native Method)
	at sun.reflect.NativeMethodAccessorImpl.invoke(NativeMethodAccessorImpl.java:57)
	at sun.reflect.DelegatingMethodAccessorImpl.invoke(DelegatingMethodAccessorImpl.java:43)
	at java.lang.reflect.Method.invoke(Method.java:606)
	at org.testng.internal.MethodInvocationHelper.invokeMethod(MethodInvocationHelper.java:86)
	at org.testng.internal.Invoker.invokeMethod(Invoker.java:643)
	at org.testng.internal.Invoker.invokeTestMethod(Invoker.java:820)
	at org.testng.internal.Invoker.invokeTestMethods(Invoker.java:1128)
	at org.testng.internal.TestMethodWorker.invokeTestMethods(TestMethodWorker.java:129)
	at org.testng.internal.TestMethodWorker.run(TestMethodWorker.java:112)
	at java.util.concurrent.ThreadPoolExecutor.runWorker(ThreadPoolExecutor.java:1145)
	at java.util.concurrent.ThreadPoolExecutor$Worker.run(ThreadPoolExecutor.java:615)
	at java.lang.Thread.run(Thread.java:745)
]]>
    </failure>
  </testcase> <!-- addEmailAddressTest -->
  <testcase name="removeEmailAddressTest" time="39.038" classname="com.bigbakset.customer.myaccount.EmailAddressesTest"/>
  <testcase name="addEmailAddressTest" time="223.182" classname="com.bigbakset.customer.myaccount.EmailAddressesTest"/>
  <testcase name="addEmailAddressTest" time="27.912" classname="com.bigbakset.customer.myaccount.EmailAddressesTest"/>
</testsuite> <!-- com.bigbakset.customer.myaccount.EmailAddressesTest -->
