<?xml version="1.0" encoding="UTF-8"?>
<!-- Generated by org.testng.reporters.JUnitReportReporter -->
<testsuite hostname="Srinivasans-MacBook-Pro.local" name="com.bigbasket.products.SearchAndFilterProductsTest" tests="13" failures="3" timestamp="30 Jun 2016 14:58:47 GMT" time="552.061" errors="2">
  <testcase name="searchProductAndFilterByDiscountTest" time="38.600" classname="com.bigbasket.products.SearchAndFilterProductsTest"/>
  <testcase name="searchProductAndFilterByPriceTest" time="243.730" classname="com.bigbasket.products.SearchAndFilterProductsTest"/>
  <testcase name="SearchProductAndFilterByBrandTest" time="0.173" classname="com.bigbasket.products.SearchAndFilterProductsTest">
    <error type="org.testng.SkipException" message="Skipping the test SearchProductAndFilterByBrandTest as the Runmode of Test Case is found to be NO.">
      <![CDATA[org.testng.SkipException: Skipping the test SearchProductAndFilterByBrandTest as the Runmode of Test Case is found to be NO.
	at com.bigbasket.framework.util.Utility.checkRunModes(Utility.java:121)
	at com.bigbasket.products.SearchAndFilterProductsTest.SearchProductAndFilterByBrandTest(SearchAndFilterProductsTest.java:184)
	at sun.reflect.NativeMethodAccessorImpl.invoke0(Native Method)
	at sun.reflect.NativeMethodAccessorImpl.invoke(NativeMethodAccessorImpl.java:57)
	at sun.reflect.DelegatingMethodAccessorImpl.invoke(DelegatingMethodAccessorImpl.java:43)
	at java.lang.reflect.Method.invoke(Method.java:606)
	at org.testng.internal.MethodInvocationHelper.invokeMethod(MethodInvocationHelper.java:86)
	at org.testng.internal.Invoker.invokeMethod(Invoker.java:643)
	at org.testng.internal.Invoker.invokeTestMethod(Invoker.java:820)
	at org.testng.internal.Invoker.invokeTestMethods(Invoker.java:1128)
	at org.testng.internal.TestMethodWorker.invokeTestMethods(TestMethodWorker.java:129)
	at org.testng.internal.TestMethodWorker.run(TestMethodWorker.java:112)
	at java.util.concurrent.ThreadPoolExecutor.runWorker(ThreadPoolExecutor.java:1145)
	at java.util.concurrent.ThreadPoolExecutor$Worker.run(ThreadPoolExecutor.java:615)
	at java.lang.Thread.run(Thread.java:745)
]]>
    </error>
  </testcase> <!-- SearchProductAndFilterByBrandTest -->
  <testcase name="searchProductAndFilterByDiscountTest" time="64.983" classname="com.bigbasket.products.SearchAndFilterProductsTest"/>
  <testcase name="searchProductAndFilterByPriceTest" time="12.288" classname="com.bigbasket.products.SearchAndFilterProductsTest"/>
  <testcase name="searchProductAndFilterByPriceTest" time="13.636" classname="com.bigbasket.products.SearchAndFilterProductsTest"/>
  <testcase name="searchProductAndFilterByPriceTest" time="12.543" classname="com.bigbasket.products.SearchAndFilterProductsTest"/>
  <testcase name="SearchProductAndFilterByBrandTest" time="0.215" classname="com.bigbasket.products.SearchAndFilterProductsTest">
    <error type="org.testng.SkipException" message="Skipping the test SearchProductAndFilterByBrandTest as the Runmode of Test Case is found to be NO.">
      <![CDATA[org.testng.SkipException: Skipping the test SearchProductAndFilterByBrandTest as the Runmode of Test Case is found to be NO.
	at com.bigbasket.framework.util.Utility.checkRunModes(Utility.java:121)
	at com.bigbasket.products.SearchAndFilterProductsTest.SearchProductAndFilterByBrandTest(SearchAndFilterProductsTest.java:184)
	at sun.reflect.NativeMethodAccessorImpl.invoke0(Native Method)
	at sun.reflect.NativeMethodAccessorImpl.invoke(NativeMethodAccessorImpl.java:57)
	at sun.reflect.DelegatingMethodAccessorImpl.invoke(DelegatingMethodAccessorImpl.java:43)
	at java.lang.reflect.Method.invoke(Method.java:606)
	at org.testng.internal.MethodInvocationHelper.invokeMethod(MethodInvocationHelper.java:86)
	at org.testng.internal.Invoker.invokeMethod(Invoker.java:643)
	at org.testng.internal.Invoker.invokeTestMethod(Invoker.java:820)
	at org.testng.internal.Invoker.invokeTestMethods(Invoker.java:1128)
	at org.testng.internal.TestMethodWorker.invokeTestMethods(TestMethodWorker.java:129)
	at org.testng.internal.TestMethodWorker.run(TestMethodWorker.java:112)
	at java.util.concurrent.ThreadPoolExecutor.runWorker(ThreadPoolExecutor.java:1145)
	at java.util.concurrent.ThreadPoolExecutor$Worker.run(ThreadPoolExecutor.java:615)
	at java.lang.Thread.run(Thread.java:745)
]]>
    </error>
  </testcase> <!-- SearchProductAndFilterByBrandTest -->
  <testcase name="searchProductAndFilterByPriceTest" time="12.763" classname="com.bigbasket.products.SearchAndFilterProductsTest">
    <failure type="java.lang.AssertionError" message="FAIL - 85.0 is out of range">
      <![CDATA[java.lang.AssertionError: FAIL - 85.0 is out of range
	at org.testng.Assert.fail(Assert.java:94)
	at com.bigbasket.framework.util.UtilFunctions.writeHTMLResult(UtilFunctions.java:49)
	at com.bigbasket.products.SearchAndFilterProductsTest.searchProductAndFilterByPriceTest(SearchAndFilterProductsTest.java:92)
	at sun.reflect.NativeMethodAccessorImpl.invoke0(Native Method)
	at sun.reflect.NativeMethodAccessorImpl.invoke(NativeMethodAccessorImpl.java:57)
	at sun.reflect.DelegatingMethodAccessorImpl.invoke(DelegatingMethodAccessorImpl.java:43)
	at java.lang.reflect.Method.invoke(Method.java:606)
	at org.testng.internal.MethodInvocationHelper.invokeMethod(MethodInvocationHelper.java:86)
	at org.testng.internal.Invoker.invokeMethod(Invoker.java:643)
	at org.testng.internal.Invoker.invokeTestMethod(Invoker.java:820)
	at org.testng.internal.Invoker.invokeTestMethods(Invoker.java:1128)
	at org.testng.internal.TestMethodWorker.invokeTestMethods(TestMethodWorker.java:129)
	at org.testng.internal.TestMethodWorker.run(TestMethodWorker.java:112)
	at java.util.concurrent.ThreadPoolExecutor.runWorker(ThreadPoolExecutor.java:1145)
	at java.util.concurrent.ThreadPoolExecutor$Worker.run(ThreadPoolExecutor.java:615)
	at java.lang.Thread.run(Thread.java:745)
]]>
    </failure>
  </testcase> <!-- searchProductAndFilterByPriceTest -->
  <testcase name="searchProductAndFilterByDiscountTest" time="77.476" classname="com.bigbasket.products.SearchAndFilterProductsTest"/>
  <testcase name="searchProductAndFilterByDiscountTest" time="19.180" classname="com.bigbasket.products.SearchAndFilterProductsTest">
    <failure type="java.lang.AssertionError" message="FAIL - FANTA
Soft Drink is out of range">
      <![CDATA[java.lang.AssertionError: FAIL - FANTA
Soft Drink is out of range
	at org.testng.Assert.fail(Assert.java:94)
	at com.bigbasket.framework.util.UtilFunctions.writeHTMLResult(UtilFunctions.java:49)
	at com.bigbasket.products.SearchAndFilterProductsTest.searchProductAndFilterByDiscountTest(SearchAndFilterProductsTest.java:162)
	at sun.reflect.NativeMethodAccessorImpl.invoke0(Native Method)
	at sun.reflect.NativeMethodAccessorImpl.invoke(NativeMethodAccessorImpl.java:57)
	at sun.reflect.DelegatingMethodAccessorImpl.invoke(DelegatingMethodAccessorImpl.java:43)
	at java.lang.reflect.Method.invoke(Method.java:606)
	at org.testng.internal.MethodInvocationHelper.invokeMethod(MethodInvocationHelper.java:86)
	at org.testng.internal.Invoker.invokeMethod(Invoker.java:643)
	at org.testng.internal.Invoker.invokeTestMethod(Invoker.java:820)
	at org.testng.internal.Invoker.invokeTestMethods(Invoker.java:1128)
	at org.testng.internal.TestMethodWorker.invokeTestMethods(TestMethodWorker.java:129)
	at org.testng.internal.TestMethodWorker.run(TestMethodWorker.java:112)
	at java.util.concurrent.ThreadPoolExecutor.runWorker(ThreadPoolExecutor.java:1145)
	at java.util.concurrent.ThreadPoolExecutor$Worker.run(ThreadPoolExecutor.java:615)
	at java.lang.Thread.run(Thread.java:745)
]]>
    </failure>
  </testcase> <!-- searchProductAndFilterByDiscountTest -->
  <testcase name="searchProductAndFilterByDiscountTest" time="43.104" classname="com.bigbasket.products.SearchAndFilterProductsTest">
    <failure type="java.lang.AssertionError" message="FAIL - COMPLAN
Health Drink - Natural is out of range">
      <![CDATA[java.lang.AssertionError: FAIL - COMPLAN
Health Drink - Natural is out of range
	at org.testng.Assert.fail(Assert.java:94)
	at com.bigbasket.framework.util.UtilFunctions.writeHTMLResult(UtilFunctions.java:49)
	at com.bigbasket.products.SearchAndFilterProductsTest.searchProductAndFilterByDiscountTest(SearchAndFilterProductsTest.java:159)
	at sun.reflect.NativeMethodAccessorImpl.invoke0(Native Method)
	at sun.reflect.NativeMethodAccessorImpl.invoke(NativeMethodAccessorImpl.java:57)
	at sun.reflect.DelegatingMethodAccessorImpl.invoke(DelegatingMethodAccessorImpl.java:43)
	at java.lang.reflect.Method.invoke(Method.java:606)
	at org.testng.internal.MethodInvocationHelper.invokeMethod(MethodInvocationHelper.java:86)
	at org.testng.internal.Invoker.invokeMethod(Invoker.java:643)
	at org.testng.internal.Invoker.invokeTestMethod(Invoker.java:820)
	at org.testng.internal.Invoker.invokeTestMethods(Invoker.java:1128)
	at org.testng.internal.TestMethodWorker.invokeTestMethods(TestMethodWorker.java:129)
	at org.testng.internal.TestMethodWorker.run(TestMethodWorker.java:112)
	at java.util.concurrent.ThreadPoolExecutor.runWorker(ThreadPoolExecutor.java:1145)
	at java.util.concurrent.ThreadPoolExecutor$Worker.run(ThreadPoolExecutor.java:615)
	at java.lang.Thread.run(Thread.java:745)
]]>
    </failure>
  </testcase> <!-- searchProductAndFilterByDiscountTest -->
  <testcase name="searchProductAndFilterByPriceTest" time="13.370" classname="com.bigbasket.products.SearchAndFilterProductsTest"/>
</testsuite> <!-- com.bigbasket.products.SearchAndFilterProductsTest -->
