<?xml version="1.0" encoding="UTF-8"?>
<!-- Generated by org.testng.reporters.JUnitReportReporter -->
<testsuite hostname="Srinivasans-MacBook-Pro.local" name="com.bigbasket.customer.SignInTest" tests="7" failures="1" timestamp="29 Jun 2016 11:10:29 GMT" time="133.027" errors="0">
  <testcase name="signInTest" time="32.068" classname="com.bigbasket.customer.SignInTest"/>
  <testcase name="signInTest" time="30.813" classname="com.bigbasket.customer.SignInTest"/>
  <testcase name="signInTest" time="14.206" classname="com.bigbasket.customer.SignInTest"/>
  <testcase name="signInTest" time="8.940" classname="com.bigbasket.customer.SignInTest"/>
  <testcase name="signInTest" time="12.000" classname="com.bigbasket.customer.SignInTest">
    <failure type="java.lang.AssertionError" message="FAIL - Incorrect credentials">
      <![CDATA[java.lang.AssertionError: FAIL - Incorrect credentials
	at org.testng.Assert.fail(Assert.java:94)
	at com.bigbasket.framework.util.UtilFunctions.writeHTMLResult(UtilFunctions.java:49)
	at com.bigbasket.customer.SignInTest.signInTest(SignInTest.java:87)
	at sun.reflect.NativeMethodAccessorImpl.invoke0(Native Method)
	at sun.reflect.NativeMethodAccessorImpl.invoke(NativeMethodAccessorImpl.java:57)
	at sun.reflect.DelegatingMethodAccessorImpl.invoke(DelegatingMethodAccessorImpl.java:43)
	at java.lang.reflect.Method.invoke(Method.java:606)
	at org.testng.internal.MethodInvocationHelper.invokeMethod(MethodInvocationHelper.java:86)
	at org.testng.internal.Invoker.invokeMethod(Invoker.java:643)
	at org.testng.internal.Invoker.invokeTestMethod(Invoker.java:820)
	at org.testng.internal.Invoker.invokeTestMethods(Invoker.java:1128)
	at org.testng.internal.TestMethodWorker.invokeTestMethods(TestMethodWorker.java:129)
	at org.testng.internal.TestMethodWorker.run(TestMethodWorker.java:112)
	at java.util.concurrent.ThreadPoolExecutor.runWorker(ThreadPoolExecutor.java:1145)
	at java.util.concurrent.ThreadPoolExecutor$Worker.run(ThreadPoolExecutor.java:615)
	at java.lang.Thread.run(Thread.java:745)
]]>
    </failure>
  </testcase> <!-- signInTest -->
  <testcase name="signInTest" time="20.915" classname="com.bigbasket.customer.SignInTest"/>
  <testcase name="signInTest" time="14.085" classname="com.bigbasket.customer.SignInTest"/>
</testsuite> <!-- com.bigbasket.customer.SignInTest -->
