<?xml version="1.0" encoding="UTF-8"?>
<!-- Generated by org.testng.reporters.JUnitReportReporter -->
<testsuite hostname="Srinivasans-MacBook-Pro.local" name="com.bigbasket.customer.PersonalDetailsTest" tests="11" failures="0" timestamp="16 Jun 2016 16:59:09 GMT" time="210.178" errors="8">
  <testcase name="addEmailAddressTest" time="0.122" classname="com.bigbasket.customer.PersonalDetailsTest">
    <error type="org.testng.SkipException" message="Skipping the test AddEmailAddressTest as the Runmode of Test Case is found to be NO.">
      <![CDATA[org.testng.SkipException: Skipping the test AddEmailAddressTest as the Runmode of Test Case is found to be NO.
	at com.bigbasket.framework.util.Utility.checkRunModes(Utility.java:118)
	at com.bigbasket.customer.PersonalDetailsTest.addEmailAddressTest(PersonalDetailsTest.java:134)
	at sun.reflect.NativeMethodAccessorImpl.invoke0(Native Method)
	at sun.reflect.NativeMethodAccessorImpl.invoke(NativeMethodAccessorImpl.java:57)
	at sun.reflect.DelegatingMethodAccessorImpl.invoke(DelegatingMethodAccessorImpl.java:43)
	at java.lang.reflect.Method.invoke(Method.java:606)
	at org.testng.internal.MethodInvocationHelper.invokeMethod(MethodInvocationHelper.java:86)
	at org.testng.internal.Invoker.invokeMethod(Invoker.java:643)
	at org.testng.internal.Invoker.invokeTestMethod(Invoker.java:820)
	at org.testng.internal.Invoker.invokeTestMethods(Invoker.java:1128)
	at org.testng.internal.TestMethodWorker.invokeTestMethods(TestMethodWorker.java:129)
	at org.testng.internal.TestMethodWorker.run(TestMethodWorker.java:112)
	at java.util.concurrent.ThreadPoolExecutor.runWorker(ThreadPoolExecutor.java:1145)
	at java.util.concurrent.ThreadPoolExecutor$Worker.run(ThreadPoolExecutor.java:615)
	at java.lang.Thread.run(Thread.java:745)
]]>
    </error>
  </testcase> <!-- addEmailAddressTest -->
  <testcase name="changePasswordTest" time="49.801" classname="com.bigbasket.customer.PersonalDetailsTest">
    <error type="java.lang.NullPointerException">
      <![CDATA[java.lang.NullPointerException
	at com.bigbasket.framework.util.UtilFunctions.connectURL(UtilFunctions.java:116)
	at com.bigbasket.customer.PersonalDetailsTest.changePasswordTest(PersonalDetailsTest.java:72)
	at sun.reflect.NativeMethodAccessorImpl.invoke0(Native Method)
	at sun.reflect.NativeMethodAccessorImpl.invoke(NativeMethodAccessorImpl.java:57)
	at sun.reflect.DelegatingMethodAccessorImpl.invoke(DelegatingMethodAccessorImpl.java:43)
	at java.lang.reflect.Method.invoke(Method.java:606)
	at org.testng.internal.MethodInvocationHelper.invokeMethod(MethodInvocationHelper.java:86)
	at org.testng.internal.Invoker.invokeMethod(Invoker.java:643)
	at org.testng.internal.Invoker.invokeTestMethod(Invoker.java:820)
	at org.testng.internal.Invoker.invokeTestMethods(Invoker.java:1128)
	at org.testng.internal.TestMethodWorker.invokeTestMethods(TestMethodWorker.java:129)
	at org.testng.internal.TestMethodWorker.run(TestMethodWorker.java:112)
	at java.util.concurrent.ThreadPoolExecutor.runWorker(ThreadPoolExecutor.java:1145)
	at java.util.concurrent.ThreadPoolExecutor$Worker.run(ThreadPoolExecutor.java:615)
	at java.lang.Thread.run(Thread.java:745)
]]>
    </error>
  </testcase> <!-- changePasswordTest -->
  <testcase name="addEmailAddressTest" time="0.256" classname="com.bigbasket.customer.PersonalDetailsTest">
    <error type="org.testng.SkipException" message="Skipping the test AddEmailAddressTest as the Runmode of Test Case is found to be NO.">
      <![CDATA[org.testng.SkipException: Skipping the test AddEmailAddressTest as the Runmode of Test Case is found to be NO.
	at com.bigbasket.framework.util.Utility.checkRunModes(Utility.java:118)
	at com.bigbasket.customer.PersonalDetailsTest.addEmailAddressTest(PersonalDetailsTest.java:134)
	at sun.reflect.NativeMethodAccessorImpl.invoke0(Native Method)
	at sun.reflect.NativeMethodAccessorImpl.invoke(NativeMethodAccessorImpl.java:57)
	at sun.reflect.DelegatingMethodAccessorImpl.invoke(DelegatingMethodAccessorImpl.java:43)
	at java.lang.reflect.Method.invoke(Method.java:606)
	at org.testng.internal.MethodInvocationHelper.invokeMethod(MethodInvocationHelper.java:86)
	at org.testng.internal.Invoker.invokeMethod(Invoker.java:643)
	at org.testng.internal.Invoker.invokeTestMethod(Invoker.java:820)
	at org.testng.internal.Invoker.invokeTestMethods(Invoker.java:1128)
	at org.testng.internal.TestMethodWorker.invokeTestMethods(TestMethodWorker.java:129)
	at org.testng.internal.TestMethodWorker.run(TestMethodWorker.java:112)
	at java.util.concurrent.ThreadPoolExecutor.runWorker(ThreadPoolExecutor.java:1145)
	at java.util.concurrent.ThreadPoolExecutor$Worker.run(ThreadPoolExecutor.java:615)
	at java.lang.Thread.run(Thread.java:745)
]]>
    </error>
  </testcase> <!-- addEmailAddressTest -->
  <testcase name="removeEmailAddressTest" time="0.076" classname="com.bigbasket.customer.PersonalDetailsTest">
    <error type="org.testng.SkipException" message="Skipping the test RemoveEmailAddressTest as the Runmode of Test Case is found to be NO.">
      <![CDATA[org.testng.SkipException: Skipping the test RemoveEmailAddressTest as the Runmode of Test Case is found to be NO.
	at com.bigbasket.framework.util.Utility.checkRunModes(Utility.java:118)
	at com.bigbasket.customer.PersonalDetailsTest.removeEmailAddressTest(PersonalDetailsTest.java:219)
	at sun.reflect.NativeMethodAccessorImpl.invoke0(Native Method)
	at sun.reflect.NativeMethodAccessorImpl.invoke(NativeMethodAccessorImpl.java:57)
	at sun.reflect.DelegatingMethodAccessorImpl.invoke(DelegatingMethodAccessorImpl.java:43)
	at java.lang.reflect.Method.invoke(Method.java:606)
	at org.testng.internal.MethodInvocationHelper.invokeMethod(MethodInvocationHelper.java:86)
	at org.testng.internal.Invoker.invokeMethod(Invoker.java:643)
	at org.testng.internal.Invoker.invokeTestMethod(Invoker.java:820)
	at org.testng.internal.Invoker.invokeTestMethods(Invoker.java:1128)
	at org.testng.internal.TestMethodWorker.invokeTestMethods(TestMethodWorker.java:129)
	at org.testng.internal.TestMethodWorker.run(TestMethodWorker.java:112)
	at java.util.concurrent.ThreadPoolExecutor.runWorker(ThreadPoolExecutor.java:1145)
	at java.util.concurrent.ThreadPoolExecutor$Worker.run(ThreadPoolExecutor.java:615)
	at java.lang.Thread.run(Thread.java:745)
]]>
    </error>
  </testcase> <!-- removeEmailAddressTest -->
  <testcase name="removeEmailAddressTest" time="0.054" classname="com.bigbasket.customer.PersonalDetailsTest">
    <error type="org.testng.SkipException" message="Skipping the test RemoveEmailAddressTest as the Runmode of Test Case is found to be NO.">
      <![CDATA[org.testng.SkipException: Skipping the test RemoveEmailAddressTest as the Runmode of Test Case is found to be NO.
	at com.bigbasket.framework.util.Utility.checkRunModes(Utility.java:118)
	at com.bigbasket.customer.PersonalDetailsTest.removeEmailAddressTest(PersonalDetailsTest.java:219)
	at sun.reflect.NativeMethodAccessorImpl.invoke0(Native Method)
	at sun.reflect.NativeMethodAccessorImpl.invoke(NativeMethodAccessorImpl.java:57)
	at sun.reflect.DelegatingMethodAccessorImpl.invoke(DelegatingMethodAccessorImpl.java:43)
	at java.lang.reflect.Method.invoke(Method.java:606)
	at org.testng.internal.MethodInvocationHelper.invokeMethod(MethodInvocationHelper.java:86)
	at org.testng.internal.Invoker.invokeMethod(Invoker.java:643)
	at org.testng.internal.Invoker.invokeTestMethod(Invoker.java:820)
	at org.testng.internal.Invoker.invokeTestMethods(Invoker.java:1128)
	at org.testng.internal.TestMethodWorker.invokeTestMethods(TestMethodWorker.java:129)
	at org.testng.internal.TestMethodWorker.run(TestMethodWorker.java:112)
	at java.util.concurrent.ThreadPoolExecutor.runWorker(ThreadPoolExecutor.java:1145)
	at java.util.concurrent.ThreadPoolExecutor$Worker.run(ThreadPoolExecutor.java:615)
	at java.lang.Thread.run(Thread.java:745)
]]>
    </error>
  </testcase> <!-- removeEmailAddressTest -->
  <testcase name="changePasswordTest" time="90.829" classname="com.bigbasket.customer.PersonalDetailsTest"/>
  <testcase name="changePasswordTest" time="20.937" classname="com.bigbasket.customer.PersonalDetailsTest"/>
  <testcase name="changePasswordTest" time="47.437" classname="com.bigbasket.customer.PersonalDetailsTest"/>
  <testcase name="addEmailAddressTest" time="0.209" classname="com.bigbasket.customer.PersonalDetailsTest">
    <error type="org.testng.SkipException" message="Skipping the test AddEmailAddressTest as the Runmode of Test Case is found to be NO.">
      <![CDATA[org.testng.SkipException: Skipping the test AddEmailAddressTest as the Runmode of Test Case is found to be NO.
	at com.bigbasket.framework.util.Utility.checkRunModes(Utility.java:118)
	at com.bigbasket.customer.PersonalDetailsTest.addEmailAddressTest(PersonalDetailsTest.java:134)
	at sun.reflect.NativeMethodAccessorImpl.invoke0(Native Method)
	at sun.reflect.NativeMethodAccessorImpl.invoke(NativeMethodAccessorImpl.java:57)
	at sun.reflect.DelegatingMethodAccessorImpl.invoke(DelegatingMethodAccessorImpl.java:43)
	at java.lang.reflect.Method.invoke(Method.java:606)
	at org.testng.internal.MethodInvocationHelper.invokeMethod(MethodInvocationHelper.java:86)
	at org.testng.internal.Invoker.invokeMethod(Invoker.java:643)
	at org.testng.internal.Invoker.invokeTestMethod(Invoker.java:820)
	at org.testng.internal.Invoker.invokeTestMethods(Invoker.java:1128)
	at org.testng.internal.TestMethodWorker.invokeTestMethods(TestMethodWorker.java:129)
	at org.testng.internal.TestMethodWorker.run(TestMethodWorker.java:112)
	at java.util.concurrent.ThreadPoolExecutor.runWorker(ThreadPoolExecutor.java:1145)
	at java.util.concurrent.ThreadPoolExecutor$Worker.run(ThreadPoolExecutor.java:615)
	at java.lang.Thread.run(Thread.java:745)
]]>
    </error>
  </testcase> <!-- addEmailAddressTest -->
  <testcase name="addEmailAddressTest" time="0.221" classname="com.bigbasket.customer.PersonalDetailsTest">
    <error type="org.testng.SkipException" message="Skipping the test AddEmailAddressTest as the Runmode of Test Case is found to be NO.">
      <![CDATA[org.testng.SkipException: Skipping the test AddEmailAddressTest as the Runmode of Test Case is found to be NO.
	at com.bigbasket.framework.util.Utility.checkRunModes(Utility.java:118)
	at com.bigbasket.customer.PersonalDetailsTest.addEmailAddressTest(PersonalDetailsTest.java:134)
	at sun.reflect.NativeMethodAccessorImpl.invoke0(Native Method)
	at sun.reflect.NativeMethodAccessorImpl.invoke(NativeMethodAccessorImpl.java:57)
	at sun.reflect.DelegatingMethodAccessorImpl.invoke(DelegatingMethodAccessorImpl.java:43)
	at java.lang.reflect.Method.invoke(Method.java:606)
	at org.testng.internal.MethodInvocationHelper.invokeMethod(MethodInvocationHelper.java:86)
	at org.testng.internal.Invoker.invokeMethod(Invoker.java:643)
	at org.testng.internal.Invoker.invokeTestMethod(Invoker.java:820)
	at org.testng.internal.Invoker.invokeTestMethods(Invoker.java:1128)
	at org.testng.internal.TestMethodWorker.invokeTestMethods(TestMethodWorker.java:129)
	at org.testng.internal.TestMethodWorker.run(TestMethodWorker.java:112)
	at java.util.concurrent.ThreadPoolExecutor.runWorker(ThreadPoolExecutor.java:1145)
	at java.util.concurrent.ThreadPoolExecutor$Worker.run(ThreadPoolExecutor.java:615)
	at java.lang.Thread.run(Thread.java:745)
]]>
    </error>
  </testcase> <!-- addEmailAddressTest -->
  <testcase name="addEmailAddressTest" time="0.236" classname="com.bigbasket.customer.PersonalDetailsTest">
    <error type="org.testng.SkipException" message="Skipping the test AddEmailAddressTest as the Runmode of Test Case is found to be NO.">
      <![CDATA[org.testng.SkipException: Skipping the test AddEmailAddressTest as the Runmode of Test Case is found to be NO.
	at com.bigbasket.framework.util.Utility.checkRunModes(Utility.java:118)
	at com.bigbasket.customer.PersonalDetailsTest.addEmailAddressTest(PersonalDetailsTest.java:134)
	at sun.reflect.NativeMethodAccessorImpl.invoke0(Native Method)
	at sun.reflect.NativeMethodAccessorImpl.invoke(NativeMethodAccessorImpl.java:57)
	at sun.reflect.DelegatingMethodAccessorImpl.invoke(DelegatingMethodAccessorImpl.java:43)
	at java.lang.reflect.Method.invoke(Method.java:606)
	at org.testng.internal.MethodInvocationHelper.invokeMethod(MethodInvocationHelper.java:86)
	at org.testng.internal.Invoker.invokeMethod(Invoker.java:643)
	at org.testng.internal.Invoker.invokeTestMethod(Invoker.java:820)
	at org.testng.internal.Invoker.invokeTestMethods(Invoker.java:1128)
	at org.testng.internal.TestMethodWorker.invokeTestMethods(TestMethodWorker.java:129)
	at org.testng.internal.TestMethodWorker.run(TestMethodWorker.java:112)
	at java.util.concurrent.ThreadPoolExecutor.runWorker(ThreadPoolExecutor.java:1145)
	at java.util.concurrent.ThreadPoolExecutor$Worker.run(ThreadPoolExecutor.java:615)
	at java.lang.Thread.run(Thread.java:745)
]]>
    </error>
  </testcase> <!-- addEmailAddressTest -->
</testsuite> <!-- com.bigbasket.customer.PersonalDetailsTest -->
