<?xml version="1.0" encoding="UTF-8"?>
<!-- Generated by org.testng.reporters.JUnitXMLReporter -->
<testsuite hostname="Srinivasans-MacBook-Pro.local" name="BigBasket" tests="35" failures="2" timestamp="29 Jun 2016 12:11:50 GMT" time="529.303" errors="0">
  <testcase name="SearchProductAndFilterByBrandTest" time="0.239" classname="com.bigbasket.products.SearchAndFilterProductsTest">
    <skipped/>
  </testcase> <!-- SearchProductAndFilterByBrandTest -->
  <testcase name="SearchProductAndFilterByBrandTest" time="0.198" classname="com.bigbasket.products.SearchAndFilterProductsTest">
    <skipped/>
  </testcase> <!-- SearchProductAndFilterByBrandTest -->
  <testcase name="searchProductAndFilterByDiscountTest" time="0.097" classname="com.bigbasket.products.SearchAndFilterProductsTest">
    <skipped/>
  </testcase> <!-- searchProductAndFilterByDiscountTest -->
  <testcase name="searchProductAndFilterByDiscountTest" time="0.092" classname="com.bigbasket.products.SearchAndFilterProductsTest">
    <skipped/>
  </testcase> <!-- searchProductAndFilterByDiscountTest -->
  <testcase name="searchProductAndFilterByDiscountTest" time="0.097" classname="com.bigbasket.products.SearchAndFilterProductsTest">
    <skipped/>
  </testcase> <!-- searchProductAndFilterByDiscountTest -->
  <testcase name="searchProductAndFilterByDiscountTest" time="0.096" classname="com.bigbasket.products.SearchAndFilterProductsTest">
    <skipped/>
  </testcase> <!-- searchProductAndFilterByDiscountTest -->
  <testcase name="searchProductAndFilterByDiscountTest" time="0.103" classname="com.bigbasket.products.SearchAndFilterProductsTest">
    <skipped/>
  </testcase> <!-- searchProductAndFilterByDiscountTest -->
  <testcase name="searchProductAndFilterByPriceTest" time="31.617" classname="com.bigbasket.products.SearchAndFilterProductsTest"/>
  <testcase name="forgotPasswordTest" time="36.174" classname="com.bigbasket.customer.ForgotPasswordTest"/>
  <testcase name="forgotPasswordTest" time="10.533" classname="com.bigbasket.customer.ForgotPasswordTest"/>
  <testcase name="searchProductAndFilterByPriceTest" time="14.624" classname="com.bigbasket.products.SearchAndFilterProductsTest"/>
  <testcase name="forgotPasswordTest" time="10.65" classname="com.bigbasket.customer.ForgotPasswordTest"/>
  <testcase name="searchProductAndFilterByPriceTest" time="15.302" classname="com.bigbasket.products.SearchAndFilterProductsTest"/>
  <testcase name="signUpTest" time="32.667" classname="com.bigbasket.customer.SignUpTest"/>
  <testcase name="changePasswordTest" time="97.107" classname="com.bigbakset.customer.myaccount.ChangePasswordTest"/>
  <testcase name="signInTest" time="40.629" classname="com.bigbasket.customer.SignInTest"/>
  <testcase name="signUpTest" time="14.174" classname="com.bigbasket.customer.SignUpTest"/>
  <testcase name="signInTest" time="13.711" classname="com.bigbasket.customer.SignInTest">
    <failure type="java.lang.AssertionError" message="FAIL - Incorrect credentials">
      <![CDATA[java.lang.AssertionError: FAIL - Incorrect credentials
	at com.bigbasket.framework.util.UtilFunctions.writeHTMLResult(UtilFunctions.java:49)
	at com.bigbasket.customer.SignInTest.signInTest(SignInTest.java:87)
	at java.util.concurrent.ThreadPoolExecutor.runWorker(ThreadPoolExecutor.java:1145)
	at java.util.concurrent.ThreadPoolExecutor$Worker.run(ThreadPoolExecutor.java:615)
	at java.lang.Thread.run(Thread.java:745)
... Removed 11 stack frames]]>
    </failure>
  </testcase> <!-- signInTest -->
  <testcase name="signUpTest" time="11.756" classname="com.bigbasket.customer.SignUpTest"/>
  <testcase name="signInTest" time="10.422" classname="com.bigbasket.customer.SignInTest"/>
  <testcase name="changePasswordTest" time="28.401" classname="com.bigbakset.customer.myaccount.ChangePasswordTest"/>
  <testcase name="signUpTest" time="13.738" classname="com.bigbasket.customer.SignUpTest"/>
  <testcase name="signInTest" time="12.994" classname="com.bigbasket.customer.SignInTest"/>
  <testcase name="signInTest" time="8.666" classname="com.bigbasket.customer.SignInTest"/>
  <testcase name="signUpTest" time="13.364" classname="com.bigbasket.customer.SignUpTest"/>
  <testcase name="changePasswordTest" time="26.983" classname="com.bigbakset.customer.myaccount.ChangePasswordTest"/>
  <testcase name="signInTest" time="18.479" classname="com.bigbasket.customer.SignInTest"/>
  <testcase name="signInTest" time="25.961" classname="com.bigbasket.customer.SignInTest"/>
  <testcase name="changePasswordTest" time="49.929" classname="com.bigbakset.customer.myaccount.ChangePasswordTest"/>
  <testcase name="addEmailAddressTest" time="244.307" classname="com.bigbakset.customer.myaccount.EmailAddressesTest"/>
  <testcase name="addEmailAddressTest" time="28.964" classname="com.bigbakset.customer.myaccount.EmailAddressesTest"/>
  <testcase name="addEmailAddressTest" time="30.305" classname="com.bigbakset.customer.myaccount.EmailAddressesTest"/>
  <testcase name="addEmailAddressTest" time="21.61" classname="com.bigbakset.customer.myaccount.EmailAddressesTest">
    <failure type="java.lang.AssertionError" message="FAIL">
      <![CDATA[java.lang.AssertionError: FAIL
	at com.bigbasket.framework.util.UtilFunctions.writeHTMLResult(UtilFunctions.java:49)
	at com.bigbakset.customer.myaccount.EmailAddressesTest.addEmailAddressTest(EmailAddressesTest.java:111)
	at java.util.concurrent.ThreadPoolExecutor.runWorker(ThreadPoolExecutor.java:1145)
	at java.util.concurrent.ThreadPoolExecutor$Worker.run(ThreadPoolExecutor.java:615)
	at java.lang.Thread.run(Thread.java:745)
... Removed 11 stack frames]]>
    </failure>
  </testcase> <!-- addEmailAddressTest -->
  <testcase name="removeEmailAddressTest" time="35.11" classname="com.bigbakset.customer.myaccount.EmailAddressesTest"/>
  <testcase name="removeEmailAddressTest" time="18.63" classname="com.bigbakset.customer.myaccount.EmailAddressesTest"/>
</testsuite> <!-- BigBasket -->
