<html>
<head>
<title>TestNG:  BigBasket</title>
<link href="../testng.css" rel="stylesheet" type="text/css" />
<link href="../my-testng.css" rel="stylesheet" type="text/css" />

<style type="text/css">
.log { display: none;} 
.stack-trace { display: none;} 
</style>
<script type="text/javascript">
<!--
function flip(e) {
  current = e.style.display;
  if (current == 'block') {
    e.style.display = 'none';
    return 0;
  }
  else {
    e.style.display = 'block';
    return 1;
  }
}

function toggleBox(szDivId, elem, msg1, msg2)
{
  var res = -1;  if (document.getElementById) {
    res = flip(document.getElementById(szDivId));
  }
  else if (document.all) {
    // this is the way old msie versions work
    res = flip(document.all[szDivId]);
  }
  if(elem) {
    if(res == 0) elem.innerHTML = msg1; else elem.innerHTML = msg2;
  }

}

function toggleAllBoxes() {
  if (document.getElementsByTagName) {
    d = document.getElementsByTagName('div');
    for (i = 0; i < d.length; i++) {
      if (d[i].className == 'log') {
        flip(d[i]);
      }
    }
  }
}

// -->
</script>

</head>
<body>
<h2 align='center'>BigBasket</h2><table border='1' align="center">
<tr>
<td>Tests passed/Failed/Skipped:</td><td>31/5/2</td>
</tr><tr>
<td>Started on:</td><td>Thu Jun 30 10:49:31 EDT 2016</td>
</tr>
<tr><td>Total time:</td><td>554 seconds (554014 ms)</td>
</tr><tr>
<td>Included groups:</td><td></td>
</tr><tr>
<td>Excluded groups:</td><td></td>
</tr>
</table><p/>
<small><i>(Hover the method name to see the test class name)</i></small><p/>
<table width='100%' border='1' class='invocation-failed'>
<tr><td colspan='4' align='center'><b>FAILED TESTS</b></td></tr>
<tr><td><b>Test method</b></td>
<td width="30%"><b>Exception</b></td>
<td width="10%"><b>Time (seconds)</b></td>
<td><b>Instance</b></td>
</tr>
<tr>
<td title='com.bigbakset.customer.myaccount.EmailAddressesTest.addEmailAddressTest()'><b>addEmailAddressTest</b><br>Test class: com.bigbakset.customer.myaccount.EmailAddressesTest<br>Parameters: {Case=CASE_OK, Email Address=aroon.irs@gmail.com, Alert Message=, Runmode=Y, Iteration=4, Browser=Mozilla}</td>
<td><div><pre>java.lang.AssertionError: FAIL
	at com.bigbasket.framework.util.UtilFunctions.writeHTMLResult(UtilFunctions.java:49)
	at com.bigbakset.customer.myaccount.EmailAddressesTest.addEmailAddressTest(EmailAddressesTest.java:111)
	at java.util.concurrent.ThreadPoolExecutor.runWorker(ThreadPoolExecutor.java:1145)
	at java.util.concurrent.ThreadPoolExecutor$Worker.run(ThreadPoolExecutor.java:615)
	at java.lang.Thread.run(Thread.java:745)
... Removed 11 stack frames</pre></div><a href='#' onClick='toggleBox("stack-trace1521832367", this, "Click to show all stack frames", "Click to hide stack frames")'>Click to show all stack frames</a>
<div class='stack-trace' id='stack-trace1521832367'><pre>java.lang.AssertionError: FAIL
	at org.testng.Assert.fail(Assert.java:94)
	at com.bigbasket.framework.util.UtilFunctions.writeHTMLResult(UtilFunctions.java:49)
	at com.bigbakset.customer.myaccount.EmailAddressesTest.addEmailAddressTest(EmailAddressesTest.java:111)
	at sun.reflect.NativeMethodAccessorImpl.invoke0(Native Method)
	at sun.reflect.NativeMethodAccessorImpl.invoke(NativeMethodAccessorImpl.java:57)
	at sun.reflect.DelegatingMethodAccessorImpl.invoke(DelegatingMethodAccessorImpl.java:43)
	at java.lang.reflect.Method.invoke(Method.java:606)
	at org.testng.internal.MethodInvocationHelper.invokeMethod(MethodInvocationHelper.java:86)
	at org.testng.internal.Invoker.invokeMethod(Invoker.java:643)
	at org.testng.internal.Invoker.invokeTestMethod(Invoker.java:820)
	at org.testng.internal.Invoker.invokeTestMethods(Invoker.java:1128)
	at org.testng.internal.TestMethodWorker.invokeTestMethods(TestMethodWorker.java:129)
	at org.testng.internal.TestMethodWorker.run(TestMethodWorker.java:112)
	at java.util.concurrent.ThreadPoolExecutor.runWorker(ThreadPoolExecutor.java:1145)
	at java.util.concurrent.ThreadPoolExecutor$Worker.run(ThreadPoolExecutor.java:615)
	at java.lang.Thread.run(Thread.java:745)
</pre></div></td>
<td>25</td>
<td>com.bigbakset.customer.myaccount.EmailAddressesTest@2695c1b4</td></tr>
<tr>
<td title='com.bigbasket.products.SearchAndFilterProductsTest.searchProductAndFilterByDiscountTest()'><b>searchProductAndFilterByDiscountTest</b><br>Test class: com.bigbasket.products.SearchAndFilterProductsTest<br>Parameters: {Product Name=Drinks, Case=10% - 15%, Discount Range=10% - 15%, Runmode=Y, Iteration=3, Browser=Mozilla}</td>
<td><div><pre>java.lang.AssertionError: FAIL - COMPLAN
Health Drink - Natural is out of range
	at com.bigbasket.framework.util.UtilFunctions.writeHTMLResult(UtilFunctions.java:49)
	at com.bigbasket.products.SearchAndFilterProductsTest.searchProductAndFilterByDiscountTest(SearchAndFilterProductsTest.java:159)
	at java.util.concurrent.ThreadPoolExecutor.runWorker(ThreadPoolExecutor.java:1145)
	at java.util.concurrent.ThreadPoolExecutor$Worker.run(ThreadPoolExecutor.java:615)
	at java.lang.Thread.run(Thread.java:745)
... Removed 11 stack frames</pre></div><a href='#' onClick='toggleBox("stack-trace1981311638", this, "Click to show all stack frames", "Click to hide stack frames")'>Click to show all stack frames</a>
<div class='stack-trace' id='stack-trace1981311638'><pre>java.lang.AssertionError: FAIL - COMPLAN
Health Drink - Natural is out of range
	at org.testng.Assert.fail(Assert.java:94)
	at com.bigbasket.framework.util.UtilFunctions.writeHTMLResult(UtilFunctions.java:49)
	at com.bigbasket.products.SearchAndFilterProductsTest.searchProductAndFilterByDiscountTest(SearchAndFilterProductsTest.java:159)
	at sun.reflect.NativeMethodAccessorImpl.invoke0(Native Method)
	at sun.reflect.NativeMethodAccessorImpl.invoke(NativeMethodAccessorImpl.java:57)
	at sun.reflect.DelegatingMethodAccessorImpl.invoke(DelegatingMethodAccessorImpl.java:43)
	at java.lang.reflect.Method.invoke(Method.java:606)
	at org.testng.internal.MethodInvocationHelper.invokeMethod(MethodInvocationHelper.java:86)
	at org.testng.internal.Invoker.invokeMethod(Invoker.java:643)
	at org.testng.internal.Invoker.invokeTestMethod(Invoker.java:820)
	at org.testng.internal.Invoker.invokeTestMethods(Invoker.java:1128)
	at org.testng.internal.TestMethodWorker.invokeTestMethods(TestMethodWorker.java:129)
	at org.testng.internal.TestMethodWorker.run(TestMethodWorker.java:112)
	at java.util.concurrent.ThreadPoolExecutor.runWorker(ThreadPoolExecutor.java:1145)
	at java.util.concurrent.ThreadPoolExecutor$Worker.run(ThreadPoolExecutor.java:615)
	at java.lang.Thread.run(Thread.java:745)
</pre></div></td>
<td>43</td>
<td>com.bigbasket.products.SearchAndFilterProductsTest@31e02436</td></tr>
<tr>
<td title='com.bigbasket.products.SearchAndFilterProductsTest.searchProductAndFilterByDiscountTest()'><b>searchProductAndFilterByDiscountTest</b><br>Test class: com.bigbasket.products.SearchAndFilterProductsTest<br>Parameters: {Product Name=Drinks, Case=15% - 25%, Discount Range=15% - 25%, Runmode=Y, Iteration=4, Browser=Mozilla}</td>
<td><div><pre>java.lang.AssertionError: FAIL - FANTA
Soft Drink is out of range
	at com.bigbasket.framework.util.UtilFunctions.writeHTMLResult(UtilFunctions.java:49)
	at com.bigbasket.products.SearchAndFilterProductsTest.searchProductAndFilterByDiscountTest(SearchAndFilterProductsTest.java:162)
	at java.util.concurrent.ThreadPoolExecutor.runWorker(ThreadPoolExecutor.java:1145)
	at java.util.concurrent.ThreadPoolExecutor$Worker.run(ThreadPoolExecutor.java:615)
	at java.lang.Thread.run(Thread.java:745)
... Removed 11 stack frames</pre></div><a href='#' onClick='toggleBox("stack-trace858770681", this, "Click to show all stack frames", "Click to hide stack frames")'>Click to show all stack frames</a>
<div class='stack-trace' id='stack-trace858770681'><pre>java.lang.AssertionError: FAIL - FANTA
Soft Drink is out of range
	at org.testng.Assert.fail(Assert.java:94)
	at com.bigbasket.framework.util.UtilFunctions.writeHTMLResult(UtilFunctions.java:49)
	at com.bigbasket.products.SearchAndFilterProductsTest.searchProductAndFilterByDiscountTest(SearchAndFilterProductsTest.java:162)
	at sun.reflect.NativeMethodAccessorImpl.invoke0(Native Method)
	at sun.reflect.NativeMethodAccessorImpl.invoke(NativeMethodAccessorImpl.java:57)
	at sun.reflect.DelegatingMethodAccessorImpl.invoke(DelegatingMethodAccessorImpl.java:43)
	at java.lang.reflect.Method.invoke(Method.java:606)
	at org.testng.internal.MethodInvocationHelper.invokeMethod(MethodInvocationHelper.java:86)
	at org.testng.internal.Invoker.invokeMethod(Invoker.java:643)
	at org.testng.internal.Invoker.invokeTestMethod(Invoker.java:820)
	at org.testng.internal.Invoker.invokeTestMethods(Invoker.java:1128)
	at org.testng.internal.TestMethodWorker.invokeTestMethods(TestMethodWorker.java:129)
	at org.testng.internal.TestMethodWorker.run(TestMethodWorker.java:112)
	at java.util.concurrent.ThreadPoolExecutor.runWorker(ThreadPoolExecutor.java:1145)
	at java.util.concurrent.ThreadPoolExecutor$Worker.run(ThreadPoolExecutor.java:615)
	at java.lang.Thread.run(Thread.java:745)
</pre></div></td>
<td>19</td>
<td>com.bigbasket.products.SearchAndFilterProductsTest@31e02436</td></tr>
<tr>
<td title='com.bigbasket.products.SearchAndFilterProductsTest.searchProductAndFilterByPriceTest()'><b>searchProductAndFilterByPriceTest</b><br>Test class: com.bigbasket.products.SearchAndFilterProductsTest<br>Parameters: {Product Name=Orange, Case=Rs 201 to Rs 500, Price Range=Rs 201 to Rs 500, Runmode=Y, Iteration=5, Browser=Chrome}</td>
<td><div><pre>java.lang.AssertionError: FAIL - 85.0 is out of range
	at com.bigbasket.framework.util.UtilFunctions.writeHTMLResult(UtilFunctions.java:49)
	at com.bigbasket.products.SearchAndFilterProductsTest.searchProductAndFilterByPriceTest(SearchAndFilterProductsTest.java:92)
	at java.util.concurrent.ThreadPoolExecutor.runWorker(ThreadPoolExecutor.java:1145)
	at java.util.concurrent.ThreadPoolExecutor$Worker.run(ThreadPoolExecutor.java:615)
	at java.lang.Thread.run(Thread.java:745)
... Removed 11 stack frames</pre></div><a href='#' onClick='toggleBox("stack-trace148305459", this, "Click to show all stack frames", "Click to hide stack frames")'>Click to show all stack frames</a>
<div class='stack-trace' id='stack-trace148305459'><pre>java.lang.AssertionError: FAIL - 85.0 is out of range
	at org.testng.Assert.fail(Assert.java:94)
	at com.bigbasket.framework.util.UtilFunctions.writeHTMLResult(UtilFunctions.java:49)
	at com.bigbasket.products.SearchAndFilterProductsTest.searchProductAndFilterByPriceTest(SearchAndFilterProductsTest.java:92)
	at sun.reflect.NativeMethodAccessorImpl.invoke0(Native Method)
	at sun.reflect.NativeMethodAccessorImpl.invoke(NativeMethodAccessorImpl.java:57)
	at sun.reflect.DelegatingMethodAccessorImpl.invoke(DelegatingMethodAccessorImpl.java:43)
	at java.lang.reflect.Method.invoke(Method.java:606)
	at org.testng.internal.MethodInvocationHelper.invokeMethod(MethodInvocationHelper.java:86)
	at org.testng.internal.Invoker.invokeMethod(Invoker.java:643)
	at org.testng.internal.Invoker.invokeTestMethod(Invoker.java:820)
	at org.testng.internal.Invoker.invokeTestMethods(Invoker.java:1128)
	at org.testng.internal.TestMethodWorker.invokeTestMethods(TestMethodWorker.java:129)
	at org.testng.internal.TestMethodWorker.run(TestMethodWorker.java:112)
	at java.util.concurrent.ThreadPoolExecutor.runWorker(ThreadPoolExecutor.java:1145)
	at java.util.concurrent.ThreadPoolExecutor$Worker.run(ThreadPoolExecutor.java:615)
	at java.lang.Thread.run(Thread.java:745)
</pre></div></td>
<td>12</td>
<td>com.bigbasket.products.SearchAndFilterProductsTest@31e02436</td></tr>
<tr>
<td title='com.bigbasket.customer.SignInTest.signInTest()'><b>signInTest</b><br>Test class: com.bigbasket.customer.SignInTest<br>Parameters: {Case=CASE_OK, Email Address=srinimarva@gmail.com, Alert Message=, Password=Orange@31, Runmode=Y, Iteration=2, Customer Name=SRINIVASAN, Browser=Chrome}</td>
<td><div><pre>java.lang.AssertionError: FAIL - Incorrect credentials
	at com.bigbasket.framework.util.UtilFunctions.writeHTMLResult(UtilFunctions.java:49)
	at com.bigbasket.customer.SignInTest.signInTest(SignInTest.java:87)
	at java.util.concurrent.ThreadPoolExecutor.runWorker(ThreadPoolExecutor.java:1145)
	at java.util.concurrent.ThreadPoolExecutor$Worker.run(ThreadPoolExecutor.java:615)
	at java.lang.Thread.run(Thread.java:745)
... Removed 11 stack frames</pre></div><a href='#' onClick='toggleBox("stack-trace1032939134", this, "Click to show all stack frames", "Click to hide stack frames")'>Click to show all stack frames</a>
<div class='stack-trace' id='stack-trace1032939134'><pre>java.lang.AssertionError: FAIL - Incorrect credentials
	at org.testng.Assert.fail(Assert.java:94)
	at com.bigbasket.framework.util.UtilFunctions.writeHTMLResult(UtilFunctions.java:49)
	at com.bigbasket.customer.SignInTest.signInTest(SignInTest.java:87)
	at sun.reflect.NativeMethodAccessorImpl.invoke0(Native Method)
	at sun.reflect.NativeMethodAccessorImpl.invoke(NativeMethodAccessorImpl.java:57)
	at sun.reflect.DelegatingMethodAccessorImpl.invoke(DelegatingMethodAccessorImpl.java:43)
	at java.lang.reflect.Method.invoke(Method.java:606)
	at org.testng.internal.MethodInvocationHelper.invokeMethod(MethodInvocationHelper.java:86)
	at org.testng.internal.Invoker.invokeMethod(Invoker.java:643)
	at org.testng.internal.Invoker.invokeTestMethod(Invoker.java:820)
	at org.testng.internal.Invoker.invokeTestMethods(Invoker.java:1128)
	at org.testng.internal.TestMethodWorker.invokeTestMethods(TestMethodWorker.java:129)
	at org.testng.internal.TestMethodWorker.run(TestMethodWorker.java:112)
	at java.util.concurrent.ThreadPoolExecutor.runWorker(ThreadPoolExecutor.java:1145)
	at java.util.concurrent.ThreadPoolExecutor$Worker.run(ThreadPoolExecutor.java:615)
	at java.lang.Thread.run(Thread.java:745)
</pre></div></td>
<td>12</td>
<td>com.bigbasket.customer.SignInTest@62503aec</td></tr>
</table><p>
<table width='100%' border='1' class='invocation-passed'>
<tr><td colspan='4' align='center'><b>PASSED TESTS</b></td></tr>
<tr><td><b>Test method</b></td>
<td width="30%"><b>Exception</b></td>
<td width="10%"><b>Time (seconds)</b></td>
<td><b>Instance</b></td>
</tr>
<tr>
<td title='com.bigbakset.customer.myaccount.EmailAddressesTest.addEmailAddressTest()'><b>addEmailAddressTest</b><br>Test class: com.bigbakset.customer.myaccount.EmailAddressesTest<br>Parameters: {Case=CASE_MISSING_EMAIL, Email Address=, Alert Message=Please enter an email address, Runmode=Y, Iteration=1, Browser=Mozilla}</td>
<td></td>
<td>210</td>
<td>com.bigbakset.customer.myaccount.EmailAddressesTest@2695c1b4</td></tr>
<tr>
<td title='com.bigbakset.customer.myaccount.EmailAddressesTest.addEmailAddressTest()'><b>addEmailAddressTest</b><br>Test class: com.bigbakset.customer.myaccount.EmailAddressesTest<br>Parameters: {Case=CASE_INVALID_EMAIL, Email Address=sri, Alert Message=Please enter a valid email address, Runmode=Y, Iteration=2, Browser=Mozilla}</td>
<td></td>
<td>30</td>
<td>com.bigbakset.customer.myaccount.EmailAddressesTest@2695c1b4</td></tr>
<tr>
<td title='com.bigbakset.customer.myaccount.EmailAddressesTest.addEmailAddressTest()'><b>addEmailAddressTest</b><br>Test class: com.bigbakset.customer.myaccount.EmailAddressesTest<br>Parameters: {Case=CASE_EXISTING_EMAIL, Email Address=srinimarva@gmail.com, Alert Message=This email address is already in use by you., Runmode=Y, Iteration=3, Browser=Mozilla}</td>
<td></td>
<td>22</td>
<td>com.bigbakset.customer.myaccount.EmailAddressesTest@2695c1b4</td></tr>
<tr>
<td title='com.bigbakset.customer.myaccount.ChangePasswordTest.changePasswordTest()'><b>changePasswordTest</b><br>Test class: com.bigbakset.customer.myaccount.ChangePasswordTest<br>Parameters: {Old Password=, Case=CASE_FIELD_REQUIRED, Alert Message=This field is required., Runmode=Y, Iteration=1, Confirm Password=, New Password=, Browser=Mozilla}</td>
<td></td>
<td>56</td>
<td>com.bigbakset.customer.myaccount.ChangePasswordTest@491782f1</td></tr>
<tr>
<td title='com.bigbakset.customer.myaccount.ChangePasswordTest.changePasswordTest()'><b>changePasswordTest</b><br>Test class: com.bigbakset.customer.myaccount.ChangePasswordTest<br>Parameters: {Old Password=Orange@32, Case=CASE_PASSWORD_REQUIREMENT, Alert Message=Please enter at least 8 characters, Runmode=Y, Iteration=2, Confirm Password=Orange@32, New Password=Ora, Browser=Mozilla}</td>
<td></td>
<td>33</td>
<td>com.bigbakset.customer.myaccount.ChangePasswordTest@491782f1</td></tr>
<tr>
<td title='com.bigbakset.customer.myaccount.ChangePasswordTest.changePasswordTest()'><b>changePasswordTest</b><br>Test class: com.bigbakset.customer.myaccount.ChangePasswordTest<br>Parameters: {Old Password=Orange@32, Case=CASE_PASSWORD_MISMATCH, Alert Message=Password mismatch, Runmode=Y, Iteration=3, Confirm Password=Orange@33, New Password=Orange@32, Browser=Mozilla}</td>
<td></td>
<td>26</td>
<td>com.bigbakset.customer.myaccount.ChangePasswordTest@491782f1</td></tr>
<tr>
<td title='com.bigbakset.customer.myaccount.ChangePasswordTest.changePasswordTest()'><b>changePasswordTest</b><br>Test class: com.bigbakset.customer.myaccount.ChangePasswordTest<br>Parameters: {Old Password=Orange@32, Case=CASE_OK, Alert Message=Successfully updated the password., Runmode=Y, Iteration=4, Confirm Password=Orange@32, New Password=Orange@32, Browser=Mozilla}</td>
<td></td>
<td>66</td>
<td>com.bigbakset.customer.myaccount.ChangePasswordTest@491782f1</td></tr>
<tr>
<td title='com.bigbasket.customer.ForgotPasswordTest.forgotPasswordTest()'><b>forgotPasswordTest</b><br>Test class: com.bigbasket.customer.ForgotPasswordTest<br>Parameters: {Case=CASE_OK, Email Address=srinimarva@gmail.com, Alert Message=, Runmode=Y, Iteration=1, Browser=Chrome}</td>
<td></td>
<td>30</td>
<td>com.bigbasket.customer.ForgotPasswordTest@50337526</td></tr>
<tr>
<td title='com.bigbasket.customer.ForgotPasswordTest.forgotPasswordTest()'><b>forgotPasswordTest</b><br>Test class: com.bigbasket.customer.ForgotPasswordTest<br>Parameters: {Case=CASE_MISSING_EMAIL, Email Address=, Alert Message=Please Enter Email, Runmode=Y, Iteration=2, Browser=Chrome}</td>
<td></td>
<td>7</td>
<td>com.bigbasket.customer.ForgotPasswordTest@50337526</td></tr>
<tr>
<td title='com.bigbasket.customer.ForgotPasswordTest.forgotPasswordTest()'><b>forgotPasswordTest</b><br>Test class: com.bigbasket.customer.ForgotPasswordTest<br>Parameters: {Case=CASE_INVALID_EMAIL, Email Address=lokesh.kittu@gmail.com, Alert Message=Invalid Email, Runmode=Y, Iteration=3, Browser=Chrome}</td>
<td></td>
<td>8</td>
<td>com.bigbasket.customer.ForgotPasswordTest@50337526</td></tr>
<tr>
<td title='com.bigbakset.customer.myaccount.EmailAddressesTest.removeEmailAddressTest()'><b>removeEmailAddressTest</b><br>Test class: com.bigbakset.customer.myaccount.EmailAddressesTest<br>Parameters: {Case=CASE_CANCEL, Runmode=Y, Iteration=1, Browser=Mozilla}</td>
<td></td>
<td>47</td>
<td>com.bigbakset.customer.myaccount.EmailAddressesTest@2695c1b4</td></tr>
<tr>
<td title='com.bigbakset.customer.myaccount.EmailAddressesTest.removeEmailAddressTest()'><b>removeEmailAddressTest</b><br>Test class: com.bigbakset.customer.myaccount.EmailAddressesTest<br>Parameters: {Case=CASE_OK, Runmode=Y, Iteration=2, Browser=Mozilla}</td>
<td></td>
<td>32</td>
<td>com.bigbakset.customer.myaccount.EmailAddressesTest@2695c1b4</td></tr>
<tr>
<td title='com.bigbasket.products.SearchAndFilterProductsTest.searchProductAndFilterByDiscountTest()'><b>searchProductAndFilterByDiscountTest</b><br>Test class: com.bigbasket.products.SearchAndFilterProductsTest<br>Parameters: {Product Name=Drinks, Case=UPTO 5%, Discount Range=Upto 5%, Runmode=Y, Iteration=1, Browser=Mozilla}</td>
<td></td>
<td>77</td>
<td>com.bigbasket.products.SearchAndFilterProductsTest@31e02436</td></tr>
<tr>
<td title='com.bigbasket.products.SearchAndFilterProductsTest.searchProductAndFilterByDiscountTest()'><b>searchProductAndFilterByDiscountTest</b><br>Test class: com.bigbasket.products.SearchAndFilterProductsTest<br>Parameters: {Product Name=Drinks, Case=5% - 10%, Discount Range=5% - 10%, Runmode=Y, Iteration=2, Browser=Mozilla}</td>
<td></td>
<td>38</td>
<td>com.bigbasket.products.SearchAndFilterProductsTest@31e02436</td></tr>
<tr>
<td title='com.bigbasket.products.SearchAndFilterProductsTest.searchProductAndFilterByDiscountTest()'><b>searchProductAndFilterByDiscountTest</b><br>Test class: com.bigbasket.products.SearchAndFilterProductsTest<br>Parameters: {Product Name=Drinks, Case=MORE THAN 25%, Discount Range=More than 25%, Runmode=Y, Iteration=5, Browser=Mozilla}</td>
<td></td>
<td>64</td>
<td>com.bigbasket.products.SearchAndFilterProductsTest@31e02436</td></tr>
<tr>
<td title='com.bigbasket.products.SearchAndFilterProductsTest.searchProductAndFilterByPriceTest()'><b>searchProductAndFilterByPriceTest</b><br>Test class: com.bigbasket.products.SearchAndFilterProductsTest<br>Parameters: {Product Name=Orange, Case=< Rs 20, Price Range=Less than Rs 20, Runmode=Y, Iteration=1, Browser=Chrome}</td>
<td></td>
<td>243</td>
<td>com.bigbasket.products.SearchAndFilterProductsTest@31e02436</td></tr>
<tr>
<td title='com.bigbasket.products.SearchAndFilterProductsTest.searchProductAndFilterByPriceTest()'><b>searchProductAndFilterByPriceTest</b><br>Test class: com.bigbasket.products.SearchAndFilterProductsTest<br>Parameters: {Product Name=Orange, Case=Rs 21 to Rs 50, Price Range=Rs 21 to Rs 50, Runmode=Y, Iteration=2, Browser=Chrome}</td>
<td></td>
<td>12</td>
<td>com.bigbasket.products.SearchAndFilterProductsTest@31e02436</td></tr>
<tr>
<td title='com.bigbasket.products.SearchAndFilterProductsTest.searchProductAndFilterByPriceTest()'><b>searchProductAndFilterByPriceTest</b><br>Test class: com.bigbasket.products.SearchAndFilterProductsTest<br>Parameters: {Product Name=Orange, Case=Rs 51 to Rs 100, Price Range=Rs 51 to Rs 100, Runmode=Y, Iteration=3, Browser=Chrome}</td>
<td></td>
<td>13</td>
<td>com.bigbasket.products.SearchAndFilterProductsTest@31e02436</td></tr>
<tr>
<td title='com.bigbasket.products.SearchAndFilterProductsTest.searchProductAndFilterByPriceTest()'><b>searchProductAndFilterByPriceTest</b><br>Test class: com.bigbasket.products.SearchAndFilterProductsTest<br>Parameters: {Product Name=Orange, Case=Rs 101 to Rs 200, Price Range=Rs 101 to Rs 200, Runmode=Y, Iteration=4, Browser=Chrome}</td>
<td></td>
<td>13</td>
<td>com.bigbasket.products.SearchAndFilterProductsTest@31e02436</td></tr>
<tr>
<td title='com.bigbasket.products.SearchAndFilterProductsTest.searchProductAndFilterByPriceTest()'><b>searchProductAndFilterByPriceTest</b><br>Test class: com.bigbasket.products.SearchAndFilterProductsTest<br>Parameters: {Product Name=Orange, Case=> Rs 501, Price Range=More than Rs 501, Runmode=Y, Iteration=6, Browser=Chrome}</td>
<td></td>
<td>12</td>
<td>com.bigbasket.products.SearchAndFilterProductsTest@31e02436</td></tr>
<tr>
<td title='com.bigbasket.customer.SignInTest.signInTest()'><b>signInTest</b><br>Test class: com.bigbasket.customer.SignInTest<br>Parameters: {Case=CASE_OK, Email Address=srinimarva@gmail.com, Alert Message=, Password=Orange@32, Runmode=Y, Iteration=1, Customer Name=SRINIVASAN, Browser=Chrome}</td>
<td></td>
<td>36</td>
<td>com.bigbasket.customer.SignInTest@62503aec</td></tr>
<tr>
<td title='com.bigbasket.customer.SignInTest.signInTest()'><b>signInTest</b><br>Test class: com.bigbasket.customer.SignInTest<br>Parameters: {Case=CASE_INVALID_EMAIL, Email Address=, Alert Message=Enter a valid e-mail address., Password=Orange@27, Runmode=Y, Iteration=3, Customer Name=Srinivasan, Browser=Chrome}</td>
<td></td>
<td>8</td>
<td>com.bigbasket.customer.SignInTest@62503aec</td></tr>
<tr>
<td title='com.bigbasket.customer.SignInTest.signInTest()'><b>signInTest</b><br>Test class: com.bigbasket.customer.SignInTest<br>Parameters: {Case=CASE_INVALID_CREDENTIALS, Email Address=srinimarva@gmail.com, Alert Message=Invalid email or password, Password=Ora, Runmode=Y, Iteration=4, Customer Name=Srinivasan, Browser=Chrome}</td>
<td></td>
<td>11</td>
<td>com.bigbasket.customer.SignInTest@62503aec</td></tr>
<tr>
<td title='com.bigbasket.customer.SignInTest.signInTest()'><b>signInTest</b><br>Test class: com.bigbasket.customer.SignInTest<br>Parameters: {Case=CASE_INVALID_PASSWORD, Email Address=srinimarva@gmail.com, Alert Message=Enter a valid password, Password=, Runmode=Y, Iteration=5, Customer Name=Srinivasan, Browser=Chrome}</td>
<td></td>
<td>8</td>
<td>com.bigbasket.customer.SignInTest@62503aec</td></tr>
<tr>
<td title='com.bigbasket.customer.SignInTest.signInTest()'><b>signInTest</b><br>Test class: com.bigbasket.customer.SignInTest<br>Parameters: {Case=CASE_FACEBOOK_LOGIN, Email Address=mailtorsrinivasan@gmail.com, Alert Message=, Password=Orange@7, Runmode=Y, Iteration=6, Customer Name=Srinivasan, Browser=Chrome}</td>
<td></td>
<td>18</td>
<td>com.bigbasket.customer.SignInTest@62503aec</td></tr>
<tr>
<td title='com.bigbasket.customer.SignInTest.signInTest()'><b>signInTest</b><br>Test class: com.bigbasket.customer.SignInTest<br>Parameters: {Case=CASE_GOOGLE_LOGIN, Email Address=srinimarva@gmail.com, Alert Message=, Password=Orange@27, Runmode=Y, Iteration=7, Customer Name=Srinivasan, Browser=Chrome}</td>
<td></td>
<td>20</td>
<td>com.bigbasket.customer.SignInTest@62503aec</td></tr>
<tr>
<td title='com.bigbasket.customer.SignUpTest.signUpTest()'><b>signUpTest</b><br>Test class: com.bigbasket.customer.SignUpTest<br>Parameters: {Email Address=lokesh.kittu@gmail.com, Case=CASE_MISSING_FIRST_NAME, First Name=, Runmode=Y, Iteration=1, Password=Orange@27, Browser=Mozilla, Alert Message=Enter a first name., Last Name=Balaraman}</td>
<td></td>
<td>26</td>
<td>com.bigbasket.customer.SignUpTest@14c8e61</td></tr>
<tr>
<td title='com.bigbasket.customer.SignUpTest.signUpTest()'><b>signUpTest</b><br>Test class: com.bigbasket.customer.SignUpTest<br>Parameters: {Email Address=lokesh.kittu@gmail.com, Case=CASE_MISSING_LAST_NAME, First Name=Lokesh, Runmode=Y, Iteration=2, Password=Orange@27, Browser=Mozilla, Alert Message=Enter a last name., Last Name=}</td>
<td></td>
<td>10</td>
<td>com.bigbasket.customer.SignUpTest@14c8e61</td></tr>
<tr>
<td title='com.bigbasket.customer.SignUpTest.signUpTest()'><b>signUpTest</b><br>Test class: com.bigbasket.customer.SignUpTest<br>Parameters: {Email Address=, Case=CASE_MISSING_EMAIL_ADDRESS, First Name=Lokesh, Runmode=Y, Iteration=3, Password=Orange@27, Browser=Mozilla, Alert Message=Enter a valid e-mail address., Last Name=Balaraman}</td>
<td></td>
<td>12</td>
<td>com.bigbasket.customer.SignUpTest@14c8e61</td></tr>
<tr>
<td title='com.bigbasket.customer.SignUpTest.signUpTest()'><b>signUpTest</b><br>Test class: com.bigbasket.customer.SignUpTest<br>Parameters: {Email Address=lokesh.kittu@gmail.com, Case=CASE_MISSING_PASSWORD, First Name=Lokesh, Runmode=Y, Iteration=4, Password=, Browser=Mozilla, Alert Message=Please enter at least 8 characters, Last Name=Balaraman}</td>
<td></td>
<td>20</td>
<td>com.bigbasket.customer.SignUpTest@14c8e61</td></tr>
<tr>
<td title='com.bigbasket.customer.SignUpTest.signUpTest()'><b>signUpTest</b><br>Test class: com.bigbasket.customer.SignUpTest<br>Parameters: {Email Address=lokesh.kittu@gmail.com, Case=CASE_MISSING_CAPTCHA, First Name=Lokesh, Runmode=y, Iteration=5, Password=Orange@27, Browser=Mozilla, Alert Message=Enter the string in image, Last Name=Balaraman}</td>
<td></td>
<td>16</td>
<td>com.bigbasket.customer.SignUpTest@14c8e61</td></tr>
</table><p>
<table width='100%' border='1' class='invocation-skipped'>
<tr><td colspan='4' align='center'><b>SKIPPED TESTS</b></td></tr>
<tr><td><b>Test method</b></td>
<td width="30%"><b>Exception</b></td>
<td width="10%"><b>Time (seconds)</b></td>
<td><b>Instance</b></td>
</tr>
<tr>
<td title='com.bigbasket.products.SearchAndFilterProductsTest.SearchProductAndFilterByBrandTest()'><b>SearchProductAndFilterByBrandTest</b><br>Test class: com.bigbasket.products.SearchAndFilterProductsTest<br>Parameters: {Product Name=Orange, Case=CASE_OK, Brands=24 Mantra,Glucon-D,Naturo, Runmode=Y, Iteration=1, Browser=Mozilla}</td>
<td><div><pre>org.testng.SkipException: Skipping the test SearchProductAndFilterByBrandTest as the Runmode of Test Case is found to be NO.
	at com.bigbasket.framework.util.Utility.checkRunModes(Utility.java:121)
	at com.bigbasket.products.SearchAndFilterProductsTest.SearchProductAndFilterByBrandTest(SearchAndFilterProductsTest.java:184)
	at java.util.concurrent.ThreadPoolExecutor.runWorker(ThreadPoolExecutor.java:1145)
	at java.util.concurrent.ThreadPoolExecutor$Worker.run(ThreadPoolExecutor.java:615)
	at java.lang.Thread.run(Thread.java:745)
... Removed 10 stack frames</pre></div><a href='#' onClick='toggleBox("stack-trace763753941", this, "Click to show all stack frames", "Click to hide stack frames")'>Click to show all stack frames</a>
<div class='stack-trace' id='stack-trace763753941'><pre>org.testng.SkipException: Skipping the test SearchProductAndFilterByBrandTest as the Runmode of Test Case is found to be NO.
	at com.bigbasket.framework.util.Utility.checkRunModes(Utility.java:121)
	at com.bigbasket.products.SearchAndFilterProductsTest.SearchProductAndFilterByBrandTest(SearchAndFilterProductsTest.java:184)
	at sun.reflect.NativeMethodAccessorImpl.invoke0(Native Method)
	at sun.reflect.NativeMethodAccessorImpl.invoke(NativeMethodAccessorImpl.java:57)
	at sun.reflect.DelegatingMethodAccessorImpl.invoke(DelegatingMethodAccessorImpl.java:43)
	at java.lang.reflect.Method.invoke(Method.java:606)
	at org.testng.internal.MethodInvocationHelper.invokeMethod(MethodInvocationHelper.java:86)
	at org.testng.internal.Invoker.invokeMethod(Invoker.java:643)
	at org.testng.internal.Invoker.invokeTestMethod(Invoker.java:820)
	at org.testng.internal.Invoker.invokeTestMethods(Invoker.java:1128)
	at org.testng.internal.TestMethodWorker.invokeTestMethods(TestMethodWorker.java:129)
	at org.testng.internal.TestMethodWorker.run(TestMethodWorker.java:112)
	at java.util.concurrent.ThreadPoolExecutor.runWorker(ThreadPoolExecutor.java:1145)
	at java.util.concurrent.ThreadPoolExecutor$Worker.run(ThreadPoolExecutor.java:615)
	at java.lang.Thread.run(Thread.java:745)
</pre></div></td>
<td>0</td>
<td>com.bigbasket.products.SearchAndFilterProductsTest@31e02436</td></tr>
<tr>
<td title='com.bigbasket.products.SearchAndFilterProductsTest.SearchProductAndFilterByBrandTest()'><b>SearchProductAndFilterByBrandTest</b><br>Test class: com.bigbasket.products.SearchAndFilterProductsTest<br>Parameters: {Product Name=Perfume, Case=CASE_OK, Brands=Axe,XXX,Spinz, Runmode=Y, Iteration=2, Browser=Mozilla}</td>
<td><div><pre>org.testng.SkipException: Skipping the test SearchProductAndFilterByBrandTest as the Runmode of Test Case is found to be NO.
	at com.bigbasket.framework.util.Utility.checkRunModes(Utility.java:121)
	at com.bigbasket.products.SearchAndFilterProductsTest.SearchProductAndFilterByBrandTest(SearchAndFilterProductsTest.java:184)
	at java.util.concurrent.ThreadPoolExecutor.runWorker(ThreadPoolExecutor.java:1145)
	at java.util.concurrent.ThreadPoolExecutor$Worker.run(ThreadPoolExecutor.java:615)
	at java.lang.Thread.run(Thread.java:745)
... Removed 10 stack frames</pre></div><a href='#' onClick='toggleBox("stack-trace2020044680", this, "Click to show all stack frames", "Click to hide stack frames")'>Click to show all stack frames</a>
<div class='stack-trace' id='stack-trace2020044680'><pre>org.testng.SkipException: Skipping the test SearchProductAndFilterByBrandTest as the Runmode of Test Case is found to be NO.
	at com.bigbasket.framework.util.Utility.checkRunModes(Utility.java:121)
	at com.bigbasket.products.SearchAndFilterProductsTest.SearchProductAndFilterByBrandTest(SearchAndFilterProductsTest.java:184)
	at sun.reflect.NativeMethodAccessorImpl.invoke0(Native Method)
	at sun.reflect.NativeMethodAccessorImpl.invoke(NativeMethodAccessorImpl.java:57)
	at sun.reflect.DelegatingMethodAccessorImpl.invoke(DelegatingMethodAccessorImpl.java:43)
	at java.lang.reflect.Method.invoke(Method.java:606)
	at org.testng.internal.MethodInvocationHelper.invokeMethod(MethodInvocationHelper.java:86)
	at org.testng.internal.Invoker.invokeMethod(Invoker.java:643)
	at org.testng.internal.Invoker.invokeTestMethod(Invoker.java:820)
	at org.testng.internal.Invoker.invokeTestMethods(Invoker.java:1128)
	at org.testng.internal.TestMethodWorker.invokeTestMethods(TestMethodWorker.java:129)
	at org.testng.internal.TestMethodWorker.run(TestMethodWorker.java:112)
	at java.util.concurrent.ThreadPoolExecutor.runWorker(ThreadPoolExecutor.java:1145)
	at java.util.concurrent.ThreadPoolExecutor$Worker.run(ThreadPoolExecutor.java:615)
	at java.lang.Thread.run(Thread.java:745)
</pre></div></td>
<td>0</td>
<td>com.bigbasket.products.SearchAndFilterProductsTest@31e02436</td></tr>
</table><p>
</body>
</html>